%BLOCK lattice_cart
8.5481720464  0.0003649529  0.0217187211
-3.2086439118  8.2975374796  0.0016698671
-1.3190324476  -2.4592843636  8.6610353932
%ENDBLOCK lattice_cart

%BLOCK positions_abs
Fe  1.7310407562 5.7113777428 1.0291222458 # 2-mol % NUM=1
H  2.2937932393 1.5804085710 -5.5410329757 # 1-mol % NUM=1
H  3.1886042817 3.0841356090 -5.2278796384 # 1-mol % NUM=1
H  1.9050250560 2.5628195506 -4.1184373470 # 1-mol % NUM=1
H  4.5085485526 0.9787060952 -4.6370030898 # 1-mol % NUM=1
H  3.2425737311 0.5452465370 -3.4905181871 # 1-mol % NUM=1
H  3.7449818920 2.9581539051 -2.4204812042 # 1-mol % NUM=1
H  5.2194916908 2.9070371017 -3.4006221554 # 1-mol % NUM=1
H  4.7320779791 0.1567646636 -0.2384713729 # 1-mol % NUM=1
H  3.6899969065 0.0349786931 -1.6601060393 # 1-mol % NUM=1
H  2.6888860141 2.3667744957 -0.8712229316 # 1-mol % NUM=1
H  3.5626220040 2.0717211742 0.6227080947 # 1-mol % NUM=1
H  1.3546008217 0.3118345954 -0.6067506533 # 1-mol % NUM=1
H  1.2921933568 1.2527621603 0.8973114455 # 1-mol % NUM=1
H  2.3278113164 -0.1923411957 0.7848860815 # 1-mol % NUM=1
H  7.0036913056 0.5497198790 -1.4469892582 # 1-mol % NUM=1
H  6.8210577237 1.2512415225 -3.0691075197 # 1-mol % NUM=1
H  5.3752030873 -0.7047317941 -3.7032728638 # 1-mol % NUM=1
H  5.3582854960 -1.2833805841 -2.0331578740 # 1-mol % NUM=1
H  7.9055113106 -0.9339060698 -3.7298145614 # 1-mol % NUM=1
H  7.0792062432 -2.4761609188 -3.4340754005 # 1-mol % NUM=1
H  7.8359580820 -1.6096152070 -2.0834312878 # 1-mol % NUM=1
H  4.9822130950 3.2621394386 -0.5655002783 # 1-mol % NUM=1
H  6.4185977178 3.2291051493 -1.6051441393 # 1-mol % NUM=1
H  7.7064387567 2.0288919286 -0.1279428878 # 1-mol % NUM=1
H  6.3698299825 1.1069268375 0.5603868331 # 1-mol % NUM=1
H  6.9586918406 4.0501387708 1.1956981941 # 1-mol % NUM=1
H  7.2792392010 2.6524039293 2.2360062150 # 1-mol % NUM=1
H  5.6069545596 3.1110156460 1.8673570089 # 1-mol % NUM=1
C  2.7309686674 2.2074244399 -4.7513399666 # 1-mol % NUM=1
C  3.7581373560 1.3993054894 -3.9516696617 # 1-mol % NUM=1
C  4.4537999573 2.2816342382 -2.9175133651 # 1-mol % NUM=1
C  4.1619831920 0.7407690744 -0.9714922158 # 1-mol % NUM=1
C  3.1072491719 1.5708699328 -0.2421776994 # 1-mol % NUM=1
C  1.9573848849 0.6828576670 0.2357224231 # 1-mol % NUM=1
C  6.3089811285 0.6634126783 -2.2892771249 # 1-mol % NUM=1
C  5.9565858180 -0.7308933316 -2.7733898550 # 1-mol % NUM=1
C  7.2714520513 -1.4787280959 -3.0180731433 # 1-mol % NUM=1
C  5.8049843094 2.6296304635 -0.9202947108 # 1-mol % NUM=1
C  6.6702148194 2.1117784953 0.2340591530 # 1-mol % NUM=1
C  6.6199394210 3.0368187859 1.4478471631 # 1-mol % NUM=1
N  5.1679269385 1.5490352096 -1.7822709290 # 1-mol % NUM=1
Cl  0.2137012577 5.8134260832 -0.6098486025 # 2-mol % NUM=1
Cl  0.9200625702 4.3488181976 2.5883275736 # 2-mol % NUM=1
Cl  3.6168684732 4.9893010398 0.0788940665 # 2-mol % NUM=1
Cl  2.1992224697 7.6270383697 2.0686354385 # 2-mol % NUM=1
%ENDBLOCK positions_abs

#MINSEP=2.0 Fe-Cl=2.22 H-C=1.09 C-C=1.52 C-N=1.52


---

      Step     Time          Energy          fmax
FIRE:    0 17:40:26     -179.005666      102.407082
FIRE:    1 17:40:29     -206.854750       61.906371
FIRE:    2 17:40:32     -213.827489       25.185519
FIRE:    3 17:40:35     -216.359718       57.126754
FIRE:    4 17:40:38     -219.164572       35.573982
FIRE:    5 17:40:41     -220.949163       38.965369
FIRE:    6 17:40:44     -223.638356       21.568481
FIRE:    7 17:40:47     -225.497525       11.700844
FIRE:    8 17:40:50     -227.004733       10.457905
FIRE:    9 17:40:53     -228.303782        8.479325
FIRE:   10 17:40:56     -229.254314       17.686347
FIRE:   11 17:40:59     -230.078460        6.405290
FIRE:   12 17:41:03     -230.890037       13.556006
FIRE:   13 17:41:05     -231.991632        7.670235
FIRE:   14 17:41:08     -232.146708       58.787269
FIRE:   15 17:41:11     -232.992064        3.880949
FIRE:   16 17:41:14     -232.694172        9.710459
FIRE:   17 17:41:17     -232.714198       11.253137
FIRE:   18 17:41:20     -232.762849       15.883117
FIRE:   19 17:41:23     -232.862914       20.200175
FIRE:   20 17:41:26     -233.089432       25.569105
FIRE:   21 17:41:29     -233.192041        3.820167
FIRE:   22 17:41:31     -233.180109       18.066498
FIRE:   23 17:41:34     -233.193555       18.062301
FIRE:   24 17:41:37     -233.214831       12.940123
FIRE:   25 17:41:40     -233.238126        9.361356
FIRE:   26 17:41:43     -233.256156        4.016868
FIRE:   27 17:41:46     -233.269075        3.799455
FIRE:   28 17:41:49     -233.281161        3.797761
FIRE:   29 17:41:52     -233.296603        3.790084
FIRE:   30 17:41:55     -233.314721        3.780600
FIRE:   31 17:41:58     -233.335778        3.770382
FIRE:   32 17:42:01     -233.360915        5.373474
FIRE:   33 17:42:04     -233.391667        7.723749
FIRE:   34 17:42:06     -233.434352        6.713957
FIRE:   35 17:42:09     -233.486863        3.756235
FIRE:   36 17:42:12     -233.547666        3.754429
FIRE:   37 17:42:15     -233.617264        3.751657
FIRE:   38 17:42:18     -233.696053        3.732327
FIRE:   39 17:42:21     -233.789888        3.717957
FIRE:   40 17:42:24     -233.902193        3.902765
FIRE:   41 17:42:27     -234.035445        3.663166
FIRE:   42 17:42:30     -234.177888        3.617674
FIRE:   43 17:42:33     -234.344195        3.680178
FIRE:   44 17:42:36     -234.537789        3.718243
FIRE:   45 17:42:38     -234.755467        3.656423
FIRE:   46 17:42:41     -235.005872        3.629763
FIRE:   47 17:42:44     -235.290055        3.450989
FIRE:   48 17:42:47     -235.604640        4.034517
FIRE:   49 17:42:50     -235.950043        3.862531
FIRE:   50 17:42:53     -236.321855        2.622178
FIRE:   51 17:42:55     -236.690793        7.953172
FIRE:   52 17:42:58     -236.885155       35.319092
FIRE:   53 17:43:01     -237.067672        7.984576
FIRE:   54 17:43:04     -237.078836        6.887432
FIRE:   55 17:43:07     -237.094169        3.034883
FIRE:   56 17:43:10     -237.105684        1.856390
FIRE:   57 17:43:13     -237.113822        2.136762
FIRE:   58 17:43:16     -237.123013        2.005990
FIRE:   59 17:43:19     -237.133453        3.302563
FIRE:   60 17:43:22     -237.145364        4.135536
FIRE:   61 17:43:24     -237.163723        3.269399
FIRE:   62 17:43:27     -237.187697        2.976093
FIRE:   63 17:43:30     -237.213690        1.828952
FIRE:   64 17:43:33     -237.238914        3.439395
FIRE:   65 17:43:36     -237.271465        3.910398
FIRE:   66 17:43:38     -237.317308        1.830642
FIRE:   67 17:43:41     -237.363481        2.427687
FIRE:   68 17:43:44     -237.418273        1.852565
FIRE:   69 17:43:47     -237.485985        1.956420
FIRE:   70 17:43:50     -237.559970        3.280417
FIRE:   71 17:43:52     -237.649945        1.619216
FIRE:   72 17:43:56     -237.746479        2.347992
FIRE:   73 17:43:58     -237.869027        1.555010
FIRE:   74 17:44:01     -237.971461       11.191347
FIRE:   75 17:44:04     -237.684317       38.890740
FIRE:   76 17:44:07     -238.138624        6.954511
FIRE:   77 17:44:09     -238.146499        4.586027
FIRE:   78 17:44:12     -238.155755        1.955065
FIRE:   79 17:44:15     -238.158014        1.562439
FIRE:   80 17:44:18     -238.158365        1.515930
FIRE:   81 17:44:20     -238.158957        1.444599
FIRE:   82 17:44:23     -238.159879        1.335755
FIRE:   83 17:44:26     -238.161063        1.296289
FIRE:   84 17:44:29     -238.162511        1.295793
FIRE:   85 17:44:31     -238.164200        1.295388
FIRE:   86 17:44:34     -238.165933        1.294823
FIRE:   87 17:44:37     -238.167907        1.294471
FIRE:   88 17:44:40     -238.170276        1.789021
FIRE:   89 17:44:43     -238.173456        2.082488
FIRE:   90 17:44:46     -238.177711        1.301473
FIRE:   91 17:44:49     -238.182866        1.290489
FIRE:   92 17:44:51     -238.188723        1.289693
FIRE:   93 17:44:54     -238.195961        1.288142
FIRE:   94 17:44:57     -238.205020        1.286969
FIRE:   95 17:45:00     -238.215921        1.284949
FIRE:   96 17:45:02     -238.228775        1.503406
FIRE:   97 17:45:05     -238.244370        1.270812
FIRE:   98 17:45:08     -238.262642        1.253128
FIRE:   99 17:45:11     -238.284533        1.232383
FIRE:  100 17:45:13     -238.310503        1.217667
FIRE:  101 17:45:16     -238.341387        1.737209
FIRE:  102 17:45:19     -238.376965        2.514641
FIRE:  103 17:45:22     -238.418333        1.847607
FIRE:  104 17:45:25     -238.468695        1.109695
FIRE:  105 17:45:28     -238.523882        3.856525
FIRE:  106 17:45:31     -238.567663        6.535629
FIRE:  107 17:45:33     -238.637349        8.724519
FIRE:  108 17:45:36     -238.661740        1.616375
FIRE:  109 17:45:39     -238.662442        1.391052
FIRE:  110 17:45:42     -238.663671        0.919862
FIRE:  111 17:45:44     -238.664943        0.957262
FIRE:  112 17:45:47     -238.666654        1.223080
FIRE:  113 17:45:50     -238.668913        1.577392
FIRE:  114 17:45:53     -238.671786        0.917413
FIRE:  115 17:45:55     -238.674813        0.913178
FIRE:  116 17:45:58     -238.678345        1.421083
FIRE:  117 17:46:01     -238.683017        0.910288
FIRE:  118 17:46:03     -238.688478        0.997013
FIRE:  119 17:46:06     -238.695300        0.904737
FIRE:  120 17:46:09     -238.703767        0.921518
FIRE:  121 17:46:12     -238.714405        1.035387
FIRE:  122 17:46:15     -238.727303        1.223460
FIRE:  123 17:46:18     -238.742350        1.303386
FIRE:  124 17:46:20     -238.760928        0.985300
FIRE:  125 17:46:23     -238.783170        0.846748
FIRE:  126 17:46:26     -238.810127        0.831515
FIRE:  127 17:46:29     -238.841472        2.327681
FIRE:  128 17:46:31     -238.865534        5.365372
FIRE:  129 17:46:34     -238.898699        6.220373
FIRE:  130 17:46:37     -238.916575        3.478658
FIRE:  131 17:46:39     -238.912627        4.948725
FIRE:  132 17:46:42     -238.915961        4.472270
FIRE:  133 17:46:45     -238.921335        2.965269
FIRE:  134 17:46:47     -238.924889        0.780457
FIRE:  135 17:46:50     -238.923068        3.517942
FIRE:  136 17:46:53     -238.923529        3.377244
FIRE:  137 17:46:55     -238.924428        3.150687
FIRE:  138 17:46:59     -238.925591        2.498581
FIRE:  139 17:47:01     -238.926556        1.383810
FIRE:  140 17:47:04     -238.927236        0.779683
FIRE:  141 17:47:07     -238.927411        1.254583
FIRE:  142 17:47:09     -238.927608        1.709964
FIRE:  143 17:47:12     -238.927959        1.930213
FIRE:  144 17:47:15     -238.928705        2.013436
FIRE:  145 17:47:17     -238.929890        1.857245
FIRE:  146 17:47:20     -238.931535        1.362237
FIRE:  147 17:47:23     -238.933202        0.777494
FIRE:  148 17:47:25     -238.934562        1.420237
FIRE:  149 17:47:28     -238.936470        1.654408
FIRE:  150 17:47:31     -238.939256        1.288795
FIRE:  151 17:47:34     -238.942677        0.774932
FIRE:  152 17:47:36     -238.946012        1.780059
FIRE:  153 17:47:39     -238.950815        1.438070
FIRE:  154 17:47:42     -238.956343        1.129046
FIRE:  155 17:47:45     -238.962791        1.483963
FIRE:  156 17:47:48     -238.971258        0.765465
FIRE:  157 17:47:50     -238.980800        1.337624
FIRE:  158 17:47:53     -238.991899        1.738279
FIRE:  159 17:47:56     -239.006463        0.749992
FIRE:  160 17:47:58     -239.022475        1.869632
FIRE:  161 17:48:01     -239.039233        3.643129
FIRE:  162 17:48:04     -239.058799        4.797169
FIRE:  163 17:48:06     -239.079878        4.838906
FIRE:  164 17:48:09     -239.089595        2.715028
FIRE:  165 17:48:12     -239.088432        4.108404
FIRE:  166 17:48:14     -239.090319        3.021455
FIRE:  167 17:48:17     -239.092688        2.038288
FIRE:  168 17:48:20     -239.093938        0.824997
FIRE:  169 17:48:22     -239.094026        0.797667
FIRE:  170 17:48:25     -239.094113        0.738884
FIRE:  171 17:48:28     -239.094289        0.723877
FIRE:  172 17:48:31     -239.094464        0.723936
FIRE:  173 17:48:34     -239.094728        0.724063
FIRE:  174 17:48:37     -239.094991        0.724216
FIRE:  175 17:48:39     -239.095298        0.724375
FIRE:  176 17:48:42     -239.095649        0.724438
FIRE:  177 17:48:45     -239.096153        0.724342
FIRE:  178 17:48:47     -239.096767        0.724096
FIRE:  179 17:48:50     -239.097557        0.723674
FIRE:  180 17:48:53     -239.098500        0.723258
FIRE:  181 17:48:55     -239.099641        0.722925
FIRE:  182 17:48:58     -239.101089        0.722655
FIRE:  183 17:49:01     -239.102887        0.722551
FIRE:  184 17:49:03     -239.105059        0.722384
FIRE:  185 17:49:06     -239.107735        0.721744
FIRE:  186 17:49:09     -239.111003        0.720725
FIRE:  187 17:49:12     -239.115039        0.719824
FIRE:  188 17:49:15     -239.119886        0.719054
FIRE:  189 17:49:17     -239.125853        0.717274
FIRE:  190 17:49:20     -239.133025        0.714924
FIRE:  191 17:49:23     -239.141799        0.713059
FIRE:  192 17:49:25     -239.152306        0.709801
FIRE:  193 17:49:28     -239.164940        1.010515
FIRE:  194 17:49:31     -239.179241        1.741281
FIRE:  195 17:49:33     -239.196350        2.342649
FIRE:  196 17:49:36     -239.215038        2.786310
FIRE:  197 17:49:39     -239.234977        6.084171
FIRE:  198 17:49:41     -239.241053        1.437440
FIRE:  199 17:49:44     -239.241447        1.173957
FIRE:  200 17:49:46     -239.242018        0.811201
