%BLOCK lattice_cart
8.5481720464  0.0003649529  0.0217187211
-3.2086439118  8.2975374796  0.0016698671
-1.3190324476  -2.4592843636  8.6610353932
%ENDBLOCK lattice_cart

%BLOCK positions_abs
Fe  1.7310407562 5.7113777428 1.0291222458 # 2-mol % NUM=1
H  2.2937932393 1.5804085710 -5.5410329757 # 1-mol % NUM=1
H  3.1886042817 3.0841356090 -5.2278796384 # 1-mol % NUM=1
H  1.9050250560 2.5628195506 -4.1184373470 # 1-mol % NUM=1
H  4.5085485526 0.9787060952 -4.6370030898 # 1-mol % NUM=1
H  3.2425737311 0.5452465370 -3.4905181871 # 1-mol % NUM=1
H  3.7449818920 2.9581539051 -2.4204812042 # 1-mol % NUM=1
H  5.2194916908 2.9070371017 -3.4006221554 # 1-mol % NUM=1
H  4.7320779791 0.1567646636 -0.2384713729 # 1-mol % NUM=1
H  3.6899969065 0.0349786931 -1.6601060393 # 1-mol % NUM=1
H  2.6888860141 2.3667744957 -0.8712229316 # 1-mol % NUM=1
H  3.5626220040 2.0717211742 0.6227080947 # 1-mol % NUM=1
H  1.3546008217 0.3118345954 -0.6067506533 # 1-mol % NUM=1
H  1.2921933568 1.2527621603 0.8973114455 # 1-mol % NUM=1
H  2.3278113164 -0.1923411957 0.7848860815 # 1-mol % NUM=1
H  7.0036913056 0.5497198790 -1.4469892582 # 1-mol % NUM=1
H  6.8210577237 1.2512415225 -3.0691075197 # 1-mol % NUM=1
H  5.3752030873 -0.7047317941 -3.7032728638 # 1-mol % NUM=1
H  5.3582854960 -1.2833805841 -2.0331578740 # 1-mol % NUM=1
H  7.9055113106 -0.9339060698 -3.7298145614 # 1-mol % NUM=1
H  7.0792062432 -2.4761609188 -3.4340754005 # 1-mol % NUM=1
H  7.8359580820 -1.6096152070 -2.0834312878 # 1-mol % NUM=1
H  4.9822130950 3.2621394386 -0.5655002783 # 1-mol % NUM=1
H  6.4185977178 3.2291051493 -1.6051441393 # 1-mol % NUM=1
H  7.7064387567 2.0288919286 -0.1279428878 # 1-mol % NUM=1
H  6.3698299825 1.1069268375 0.5603868331 # 1-mol % NUM=1
H  6.9586918406 4.0501387708 1.1956981941 # 1-mol % NUM=1
H  7.2792392010 2.6524039293 2.2360062150 # 1-mol % NUM=1
H  5.6069545596 3.1110156460 1.8673570089 # 1-mol % NUM=1
C  2.7309686674 2.2074244399 -4.7513399666 # 1-mol % NUM=1
C  3.7581373560 1.3993054894 -3.9516696617 # 1-mol % NUM=1
C  4.4537999573 2.2816342382 -2.9175133651 # 1-mol % NUM=1
C  4.1619831920 0.7407690744 -0.9714922158 # 1-mol % NUM=1
C  3.1072491719 1.5708699328 -0.2421776994 # 1-mol % NUM=1
C  1.9573848849 0.6828576670 0.2357224231 # 1-mol % NUM=1
C  6.3089811285 0.6634126783 -2.2892771249 # 1-mol % NUM=1
C  5.9565858180 -0.7308933316 -2.7733898550 # 1-mol % NUM=1
C  7.2714520513 -1.4787280959 -3.0180731433 # 1-mol % NUM=1
C  5.8049843094 2.6296304635 -0.9202947108 # 1-mol % NUM=1
C  6.6702148194 2.1117784953 0.2340591530 # 1-mol % NUM=1
C  6.6199394210 3.0368187859 1.4478471631 # 1-mol % NUM=1
N  5.1679269385 1.5490352096 -1.7822709290 # 1-mol % NUM=1
Cl  0.2137012577 5.8134260832 -0.6098486025 # 2-mol % NUM=1
Cl  0.9200625702 4.3488181976 2.5883275736 # 2-mol % NUM=1
Cl  3.6168684732 4.9893010398 0.0788940665 # 2-mol % NUM=1
Cl  2.1992224697 7.6270383697 2.0686354385 # 2-mol % NUM=1
%ENDBLOCK positions_abs

#MINSEP=2.0 Fe-Cl=2.22 H-C=1.09 C-C=1.52 C-N=1.52


---

      Step     Time          Energy          fmax
FIRE:    0 17:13:13     -169.911651      264.694063
FIRE:    1 17:13:16     -196.618112       32.662017
FIRE:    2 17:13:20     -198.812264       20.703554
FIRE:    3 17:13:24     -204.349653       14.947500
FIRE:    4 17:13:27     -210.901316       29.074553
FIRE:    5 17:13:31     -215.026692        9.713008
FIRE:    6 17:13:34     -217.562870       10.394805
FIRE:    7 17:13:38     -219.550115       18.224028
FIRE:    8 17:13:42     -221.189544       10.106845
FIRE:    9 17:13:45     -222.819958        9.565517
FIRE:   10 17:13:49     -224.154673       24.015766
FIRE:   11 17:13:52     -225.705684        5.826111
FIRE:   12 17:13:55     -226.803067       16.221204
FIRE:   13 17:13:58     -228.310736        5.501040
FIRE:   14 17:14:01     -228.838107       32.285502
FIRE:   15 17:14:05     -229.524723       12.051614
FIRE:   16 17:14:08     -230.612741       13.857923
FIRE:   17 17:14:11     -229.490396        2.582117
FIRE:   18 17:14:14     -223.910454       68.593333
FIRE:   19 17:14:18     -230.750994        9.942678
FIRE:   20 17:14:21     -231.622211        3.332869
FIRE:   21 17:14:24     -231.669041        4.816302
FIRE:   22 17:14:27     -231.708260        4.440352
FIRE:   23 17:14:30     -231.801284        2.820457
FIRE:   24 17:14:33     -231.921726        3.179577
FIRE:   25 17:14:36     -232.042410        2.273065
FIRE:   26 17:14:39     -232.238088        5.040197
FIRE:   27 17:14:43     -232.323895       10.180319
FIRE:   28 17:14:46     -232.376626        6.669309
FIRE:   29 17:14:49     -232.448681       11.048036
FIRE:   30 17:14:52     -232.496476       10.120270
FIRE:   31 17:14:56     -232.507509        5.758130
FIRE:   32 17:14:59     -232.517160        7.544917
FIRE:   33 17:15:02     -232.539248        6.805287
FIRE:   34 17:15:05     -232.547496        5.525185
FIRE:   35 17:15:08     -232.555634        6.821603
FIRE:   36 17:15:11     -232.568663        8.401353
FIRE:   37 17:15:14     -232.590926        7.608314
FIRE:   38 17:15:18     -232.618783        5.557523
FIRE:   39 17:15:21     -232.649579        4.625310
FIRE:   40 17:15:24     -232.674979       10.672113
FIRE:   41 17:15:28     -232.702858        3.610333
FIRE:   42 17:15:31     -232.719243        4.179045
FIRE:   43 17:15:34     -232.746552        5.239780
FIRE:   44 17:15:37     -232.792285        2.400051
FIRE:   45 17:15:40     -232.842712        2.882416
FIRE:   46 17:15:43     -232.902725        2.663831
FIRE:   47 17:15:47     -232.966291        1.971889
FIRE:   48 17:15:50     -233.034508        3.018888
FIRE:   49 17:15:53     -233.094630       14.317903
FIRE:   50 17:15:56     -233.120381        2.402515
FIRE:   51 17:16:00     -233.125010        2.165622
FIRE:   52 17:16:03     -233.130427        3.073880
FIRE:   53 17:16:06     -233.137315        3.594568
FIRE:   54 17:16:09     -233.146023        9.057527
FIRE:   55 17:16:12     -233.175920        6.600012
FIRE:   56 17:16:15     -233.204851        1.803237
FIRE:   57 17:16:19     -233.222903        3.595098
FIRE:   58 17:16:22     -233.236196        3.257819
FIRE:   59 17:16:25     -233.260280        5.166456
FIRE:   60 17:16:28     -233.303535        2.915984
FIRE:   61 17:16:31     -233.360630        1.733512
FIRE:   62 17:16:34     -233.404609        3.333997
FIRE:   63 17:16:37     -233.464314        3.231510
FIRE:   64 17:16:41     -233.548477        2.076524
FIRE:   65 17:16:44     -233.622572        8.286952
FIRE:   66 17:16:47     -233.735096        1.788385
FIRE:   67 17:16:51     -233.830730        8.173699
FIRE:   68 17:16:54     -233.883724       11.001142
FIRE:   69 17:16:57     -233.955735        7.242426
FIRE:   70 17:17:00     -233.987255        2.575096
FIRE:   71 17:17:03     -233.989120        2.093916
FIRE:   72 17:17:06     -233.991752        1.091094
FIRE:   73 17:17:09     -233.995305        1.112920
FIRE:   74 17:17:12     -234.000153        1.487322
FIRE:   75 17:17:16     -234.004386        1.710607
FIRE:   76 17:17:19     -234.010155        1.106488
FIRE:   77 17:17:22     -234.016603        1.423297
FIRE:   78 17:17:25     -234.024741        1.626972
FIRE:   79 17:17:29     -234.035160        1.160132
FIRE:   80 17:17:32     -234.047531        1.088273
FIRE:   81 17:17:35     -234.061372        2.464881
FIRE:   82 17:17:38     -234.079709        1.084780
FIRE:   83 17:17:41     -234.100898        1.424558
FIRE:   84 17:17:44     -234.128272        1.072068
FIRE:   85 17:17:47     -234.160187        3.615689
FIRE:   86 17:17:50     -234.194909        1.372431
FIRE:   87 17:17:53     -234.238098        2.538375
FIRE:   88 17:17:56     -234.299273        3.165163
FIRE:   89 17:18:00     -234.335641       10.341594
FIRE:   90 17:18:03     -234.364463        1.761714
FIRE:   91 17:18:06     -234.373083        1.042702
FIRE:   92 17:18:09     -234.370012        2.480875
FIRE:   93 17:18:12     -234.370977        2.399899
FIRE:   94 17:18:15     -234.372820        2.204306
FIRE:   95 17:18:18     -234.375474        2.207656
FIRE:   96 17:18:21     -234.379949        3.643860
FIRE:   97 17:18:24     -234.385323        1.819400
FIRE:   98 17:18:27     -234.388350        1.587891
FIRE:   99 17:18:30     -234.389951        1.337290
FIRE:  100 17:18:33     -234.392956        1.561417
FIRE:  101 17:18:37     -234.397540        1.359406
FIRE:  102 17:18:40     -234.403769        1.419504
FIRE:  103 17:18:43     -234.411929        1.067099
FIRE:  104 17:18:46     -234.422151        1.305037
FIRE:  105 17:18:49     -234.434061        1.267099
FIRE:  106 17:18:52     -234.447880        1.411541
FIRE:  107 17:18:55     -234.463717        2.075775
FIRE:  108 17:18:58     -234.485015        1.928548
FIRE:  109 17:19:01     -234.511797        1.009438
FIRE:  110 17:19:04     -234.540948        1.329000
FIRE:  111 17:19:07     -234.578368        1.100149
FIRE:  112 17:19:10     -234.621864        0.989478
FIRE:  113 17:19:14     -234.674178        2.170514
FIRE:  114 17:19:17     -234.739060        1.421618
FIRE:  115 17:19:20     -234.812782        5.139521
FIRE:  116 17:19:23     -234.847198        4.986516
FIRE:  117 17:19:26     -234.963933        6.976731
FIRE:  118 17:19:29     -234.768672       27.397308
FIRE:  119 17:19:32     -235.093500        1.263677
FIRE:  120 17:19:35     -235.094619        1.493153
FIRE:  121 17:19:38     -235.097119        1.868681
FIRE:  122 17:19:41     -235.102603        2.030124
FIRE:  123 17:19:44     -235.107494        1.749888
FIRE:  124 17:19:47     -235.109929        1.948716
FIRE:  125 17:19:50     -235.114491        0.982273
FIRE:  126 17:19:53     -235.120041        0.983877
FIRE:  127 17:19:56     -235.127301        1.046440
FIRE:  128 17:19:59     -235.136843        1.557413
FIRE:  129 17:20:02     -235.150486        1.062325
FIRE:  130 17:20:05     -235.162901        2.518961
FIRE:  131 17:20:08     -235.180405        2.259577
FIRE:  132 17:20:11     -235.203677        1.000449
FIRE:  133 17:20:14     -235.217847        8.212526
FIRE:  134 17:20:17     -235.227695        1.125942
FIRE:  135 17:20:20     -235.229143        1.076872
FIRE:  136 17:20:23     -235.228946        3.124388
FIRE:  137 17:20:26     -235.229648        3.016312
FIRE:  138 17:20:29     -235.230986        2.818575
FIRE:  139 17:20:32     -235.232565        0.992493
FIRE:  140 17:20:35     -235.233815        0.993344
FIRE:  141 17:20:38     -235.235153        0.995248
FIRE:  142 17:20:41     -235.236382        0.994799
FIRE:  143 17:20:44     -235.237632        0.994131
FIRE:  144 17:20:47     -235.239079        1.058379
FIRE:  145 17:20:50     -235.240966        1.673857
FIRE:  146 17:20:53     -235.243598        1.405170
FIRE:  147 17:20:56     -235.247064        1.219640
FIRE:  148 17:20:59     -235.251472        0.989045
FIRE:  149 17:21:02     -235.256430        0.985504
FIRE:  150 17:21:05     -235.261935        0.979992
FIRE:  151 17:21:08     -235.269020        0.976575
FIRE:  152 17:21:11     -235.277969        0.973515
FIRE:  153 17:21:14     -235.289112        0.970446
FIRE:  154 17:21:17     -235.301308        1.527863
FIRE:  155 17:21:20     -235.316903        1.305849
FIRE:  156 17:21:23     -235.335460        0.962550
FIRE:  157 17:21:26     -235.357657        0.960525
FIRE:  158 17:21:29     -235.385470        0.951833
FIRE:  159 17:21:31     -235.417429        1.540749
FIRE:  160 17:21:34     -235.457942        0.947980
FIRE:  161 17:21:38     -235.497249        5.669076
FIRE:  162 17:21:41     -235.477486       15.749095
FIRE:  163 17:21:44     -235.560245        0.966026
FIRE:  164 17:21:46     -235.521859        8.474758
FIRE:  165 17:21:49     -235.531554        8.564027
FIRE:  166 17:21:52     -235.546930        7.022120
FIRE:  167 17:21:55     -235.563644        2.869772
FIRE:  168 17:21:58     -235.565662        1.140944
FIRE:  169 17:22:01     -235.565794        1.188006
FIRE:  170 17:22:04     -235.566057        1.229804
FIRE:  171 17:22:07     -235.566430        1.207782
FIRE:  172 17:22:09     -235.566978        1.183465
FIRE:  173 17:22:13     -235.567615        1.150604
FIRE:  174 17:22:16     -235.568338        0.959793
FIRE:  175 17:22:19     -235.569216        1.174038
FIRE:  176 17:22:21     -235.570312        0.960059
FIRE:  177 17:22:24     -235.571541        0.959606
FIRE:  178 17:22:27     -235.572681        1.022260
FIRE:  179 17:22:30     -235.573997        1.282668
FIRE:  180 17:22:33     -235.575840        1.373225
FIRE:  181 17:22:36     -235.578319        1.279016
FIRE:  182 17:22:39     -235.581565        1.061665
FIRE:  183 17:22:42     -235.585074        0.954127
FIRE:  184 17:22:45     -235.588957        1.239686
FIRE:  185 17:22:48     -235.594155        1.218132
FIRE:  186 17:22:51     -235.600823        0.954361
FIRE:  187 17:22:54     -235.608018        1.336746
FIRE:  188 17:22:57     -235.617362        1.306865
FIRE:  189 17:22:59     -235.628812        0.955640
FIRE:  190 17:23:02     -235.642104        0.955499
FIRE:  191 17:23:05     -235.659060        0.952787
FIRE:  192 17:23:08     -235.678625        1.336776
FIRE:  193 17:23:11     -235.703345        0.951189
FIRE:  194 17:23:14     -235.732474        0.946804
FIRE:  195 17:23:17     -235.766868        1.317095
FIRE:  196 17:23:20     -235.809026        0.909762
FIRE:  197 17:23:22     -235.858247        4.759262
FIRE:  198 17:23:26     -235.828394        4.413624
FIRE:  199 17:23:29     -235.897246        4.114616
FIRE:  200 17:23:31     -236.028217        1.305474
