%BLOCK lattice_cart
7.3680629973  0.0000000000  0.0000000000
0.0000000000  7.3680629973  0.0000000000
0.0000000000  0.0000000000  7.3680629973
%ENDBLOCK lattice_cart

%BLOCK positions_abs
C  1.0845351207 3.1052568157 3.3839056176 # 1-mol % NUM=1
C  2.1963938005 3.0628009286 3.3634117421 # 1-mol % NUM=1
C  2.7171548489 4.0076908836 3.0383214807 # 1-mol % NUM=1
N  3.8773007811 3.9451665968 3.0733108097 # 1-mol % NUM=1
C  4.2494239840 3.6532484897 4.1087435962 # 1-mol % NUM=1
C  3.9065810021 4.3628250599 4.9165491895 # 1-mol % NUM=1
C  4.2792546085 4.0285715295 5.9159073788 # 1-mol % NUM=1
C  4.2824569978 3.2319872285 2.2585430332 # 1-mol % NUM=1
C  4.0498549860 2.1428622620 2.3962248223 # 1-mol % NUM=1
C  4.4731980965 1.4883457842 1.5992648800 # 1-mol % NUM=1
C  4.2713774862 5.0097815527 2.8025517953 # 1-mol % NUM=1
C  5.4006489781 5.0850645990 2.8292857359 # 1-mol % NUM=1
C  5.7584103918 6.1248995536 2.6274239662 # 1-mol % NUM=1
H  0.8078013122 2.3598443456 3.5332895376 # 1-mol % NUM=1
H  0.8024915128 3.3239949672 2.6622179843 # 1-mol % NUM=1
H  0.8124996437 3.6017465158 3.9534553977 # 1-mol % NUM=1
H  2.2907275976 2.5017672309 2.8091024772 # 1-mol % NUM=1
H  2.4719604347 2.7745757706 4.0599184592 # 1-mol % NUM=1
H  2.5013238433 4.6237167667 3.5164870926 # 1-mol % NUM=1
H  2.5221892054 4.2057542695 2.2828849648 # 1-mol % NUM=1
H  5.0539008547 3.6081967807 4.0770066655 # 1-mol % NUM=1
H  3.9873234118 2.9103090863 4.2666765945 # 1-mol % NUM=1
H  3.1016550876 4.3948347164 4.9514730229 # 1-mol % NUM=1
H  4.1724077276 5.1132413234 4.7899522137 # 1-mol % NUM=1
H  4.0130928075 3.2865710501 6.0839460099 # 1-mol % NUM=1
H  4.0154145830 4.5288222743 6.4903763200 # 1-mol % NUM=1
H  5.0850947940 4.0246024295 5.9318963018 # 1-mol % NUM=1
H  5.0864079841 3.3008987974 2.2678940254 # 1-mol % NUM=1
H  4.0052238821 3.5095943929 1.5555809792 # 1-mol % NUM=1
H  3.2751196573 1.9982763789 2.2877752542 # 1-mol % NUM=1
H  4.2624920355 1.8747415660 3.1212243470 # 1-mol % NUM=1
H  4.1997981886 1.7199202309 0.8776866773 # 1-mol % NUM=1
H  4.2133413790 0.7342950204 1.7258224397 # 1-mol % NUM=1
H  5.2772354359 1.4933900990 1.6018078103 # 1-mol % NUM=1
H  3.9345824516 5.5307516815 3.3191838651 # 1-mol % NUM=1
H  3.9886492397 5.1815253741 2.0666400560 # 1-mol % NUM=1
H  5.7354952012 4.6103296738 2.2712282812 # 1-mol % NUM=1
H  5.6975712742 4.8641733747 3.5442853732 # 1-mol % NUM=1
H  5.5056392862 6.3812512628 1.9069432660 # 1-mol % NUM=1
H  6.5655714844 6.1375649354 2.6304123038 # 1-mol % NUM=1
H  5.4974756444 6.6337679768 3.1949700098 # 1-mol % NUM=1
Cl  2.5346118454 3.4045128684 3.8235512484 # 2-mol % NUM=1
Fe  4.2587385867 3.4045128684 3.8235512484 # 2-mol % NUM=1
Cl  4.8334511519 2.8454766228 2.2971840043 # 2-mol % NUM=1
Cl  4.8334490654 5.0059048559 4.1025935186 # 2-mol % NUM=1
Cl  4.8334412410 2.3621581414 5.0708789930 # 2-mol % NUM=1
%ENDBLOCK positions_abs

#MINSEP=2.0


---

      Step     Time          Energy          fmax
FIRE:    0 15:27:21     -100.341968       33.937773
FIRE:    1 15:27:28     -123.632513       22.302146
FIRE:    2 15:27:34     -141.086800       17.595588
FIRE:    3 15:27:40     -155.075906       14.427958
FIRE:    4 15:27:46     -166.517154       12.173583
FIRE:    5 15:27:52     -176.345558       14.722221
FIRE:    6 15:27:58     -185.035440       15.480812
FIRE:    7 15:28:03     -192.587009       13.422465
FIRE:    8 15:28:09     -198.861946       11.179099
FIRE:    9 15:28:14     -204.082842        9.183338
FIRE:   10 15:28:20     -208.425129        8.465773
FIRE:   11 15:28:25     -211.872181        6.418207
FIRE:   12 15:28:30     -214.311803        4.435854
FIRE:   13 15:28:35     -215.877488        4.119762
FIRE:   14 15:28:40     -216.970529        3.631977
FIRE:   15 15:28:45     -217.883662        4.720023
FIRE:   16 15:28:50     -218.796445        5.275515
FIRE:   17 15:28:55     -219.843423        5.057713
FIRE:   18 15:28:59     -221.096585        4.257673
FIRE:   19 15:29:04     -222.506996        3.472242
FIRE:   20 15:29:09     -224.000802        3.441657
FIRE:   21 15:29:13     -225.525360        3.366898
FIRE:   22 15:29:18     -227.048427        3.475217
FIRE:   23 15:29:22     -228.543417        3.425384
FIRE:   24 15:29:27     -230.000570        3.391332
FIRE:   25 15:29:31     -231.359325        3.147859
FIRE:   26 15:29:36     -232.542210        2.818837
FIRE:   27 15:29:40     -233.486732        2.349870
FIRE:   28 15:29:44     -234.150711        2.498991
FIRE:   29 15:29:49     -234.652441        4.114102
FIRE:   30 15:29:53     -235.254478        3.773546
FIRE:   31 15:29:57     -236.023304        2.416612
FIRE:   32 15:30:01     -236.777698        2.392304
FIRE:   33 15:30:05     -237.448828        2.030329
FIRE:   34 15:30:10     -238.064573        2.398237
FIRE:   35 15:30:14     -238.594423        1.890696
FIRE:   36 15:30:18     -238.973342        1.671772
FIRE:   37 15:30:22     -239.209752        1.736842
FIRE:   38 15:30:26     -239.387158        2.020630
FIRE:   39 15:30:30     -239.571584        2.185753
FIRE:   40 15:30:34     -239.764564        1.661256
FIRE:   41 15:30:37     -239.938504        1.479573
FIRE:   42 15:30:41     -240.109528        1.632595
FIRE:   43 15:30:45     -240.303560        1.472402
FIRE:   44 15:30:49     -240.467367        1.105200
FIRE:   45 15:30:53     -240.519374        1.420907
FIRE:   46 15:30:56     -240.364516        3.386014
FIRE:   47 15:31:00     -240.579782        3.079254
FIRE:   48 15:31:04     -240.888839        1.469529
FIRE:   49 15:31:07     -240.921938        1.004844
FIRE:   50 15:31:11     -240.958744        0.357522
FIRE:   51 15:31:15     -240.977893        0.724371
FIRE:   52 15:31:18     -240.996142        1.205707
FIRE:   53 15:31:22     -241.037928        1.054284
FIRE:   54 15:31:26     -241.092983        0.420389
FIRE:   55 15:31:30     -241.136589        0.410300
FIRE:   56 15:31:33     -241.174689        0.842403
FIRE:   57 15:31:37     -241.230973        0.676644
FIRE:   58 15:31:41     -241.296206        0.313202
FIRE:   59 15:31:45     -241.346722        0.791758
FIRE:   60 15:31:48     -241.413973        0.404667
FIRE:   61 15:31:52     -241.473810        0.620695
FIRE:   62 15:31:56     -241.542904        0.394810
FIRE:   63 15:31:59     -241.607896        0.828005
FIRE:   64 15:32:03     -241.694998        0.364972
FIRE:   65 15:32:07     -241.773414        0.658816
FIRE:   66 15:32:11     -241.851303        1.298163
FIRE:   67 15:32:15     -241.879094        0.336374
FIRE:   68 15:32:19     -241.880980        0.728342
FIRE:   69 15:32:22     -241.884687        0.599239
FIRE:   70 15:32:26     -241.890259        0.362707
FIRE:   71 15:32:30     -241.895282        0.276207
FIRE:   72 15:32:34     -241.898682        0.275963
FIRE:   73 15:32:37     -241.901467        0.414789
FIRE:   74 15:32:41     -241.905657        0.504550
FIRE:   75 15:32:45     -241.912215        0.460746
FIRE:   76 15:32:49     -241.921362        0.279036
FIRE:   77 15:32:52     -241.931101        0.274169
FIRE:   78 15:32:56     -241.940379        0.273565
FIRE:   79 15:33:00     -241.951873        0.350539
FIRE:   80 15:33:04     -241.967929        0.272182
FIRE:   81 15:33:07     -241.985389        0.270977
FIRE:   82 15:33:11     -242.003726        0.355673
FIRE:   83 15:33:15     -242.028008        0.267411
FIRE:   84 15:33:18     -242.053430        0.267548
FIRE:   85 15:33:22     -242.084752        0.265660
FIRE:   86 15:33:26     -242.118773        0.345497
FIRE:   87 15:33:30     -242.161742        0.257860
FIRE:   88 15:33:33     -242.209581        0.253802
FIRE:   89 15:33:37     -242.264198        0.506095
FIRE:   90 15:33:40     -242.325198        0.738208
FIRE:   91 15:33:44     -242.376657        1.432432
FIRE:   92 15:33:47     -242.412169        0.236275
FIRE:   93 15:33:51     -242.393480        1.161208
FIRE:   94 15:33:54     -242.403724        0.898104
FIRE:   95 15:33:58     -242.415832        0.430273
FIRE:   96 15:34:02     -242.420657        0.236161
FIRE:   97 15:34:05     -242.420811        0.236089
FIRE:   98 15:34:09     -242.421140        0.235947
FIRE:   99 15:34:12     -242.421578        0.235750
FIRE:  100 15:34:16     -242.422171        0.235522
FIRE:  101 15:34:20     -242.422873        0.235264
FIRE:  102 15:34:23     -242.423684        0.235006
FIRE:  103 15:34:27     -242.424583        0.234764
FIRE:  104 15:34:30     -242.425746        0.234531
FIRE:  105 15:34:34     -242.427172        0.234326
FIRE:  106 15:34:37     -242.429014        0.234166
FIRE:  107 15:34:41     -242.431317        0.234054
FIRE:  108 15:34:45     -242.434191        0.233980
FIRE:  109 15:34:48     -242.437678        0.233853
FIRE:  110 15:34:52     -242.441934        0.233534
FIRE:  111 15:34:55     -242.447154        0.232861
FIRE:  112 15:34:59     -242.453559        0.231740
FIRE:  113 15:35:02     -242.461302        0.230273
FIRE:  114 15:35:06     -242.470646        0.228791
FIRE:  115 15:35:09     -242.482008        0.227369
FIRE:  116 15:35:13     -242.495651        0.225872
FIRE:  117 15:35:17     -242.512014        0.223710
FIRE:  118 15:35:20     -242.531558        0.220577
FIRE:  119 15:35:24     -242.554918        0.218248
FIRE:  120 15:35:27     -242.582709        0.216013
FIRE:  121 15:35:31     -242.615567        0.211922
FIRE:  122 15:35:34     -242.654325        0.210646
FIRE:  123 15:35:38     -242.700322        0.203681
FIRE:  124 15:35:42     -242.752921        0.268238
FIRE:  125 15:35:45     -242.797273        0.846640
FIRE:  126 15:35:49     -242.739431        2.640530
FIRE:  127 15:35:52     -242.876566        0.762368
FIRE:  128 15:35:56     -242.880492        0.549793
FIRE:  129 15:36:00     -242.884682        0.179160
FIRE:  130 15:36:03     -242.885756        0.265550
FIRE:  131 15:36:07     -242.885976        0.243436
FIRE:  132 15:36:10     -242.886393        0.201408
FIRE:  133 15:36:14     -242.886941        0.185499
FIRE:  134 15:36:17     -242.887555        0.184421
FIRE:  135 15:36:21     -242.888213        0.183293
FIRE:  136 15:36:24     -242.888871        0.182201
FIRE:  137 15:36:28     -242.889595        0.181282
FIRE:  138 15:36:32     -242.890516        0.180613
FIRE:  139 15:36:35     -242.891701        0.180374
FIRE:  140 15:36:39     -242.893324        0.180690
FIRE:  141 15:36:42     -242.895342        0.181602
FIRE:  142 15:36:46     -242.897777        0.182886
FIRE:  143 15:36:49     -242.900628        0.184046
FIRE:  144 15:36:53     -242.904138        0.184475
FIRE:  145 15:36:56     -242.908634        0.183609
FIRE:  146 15:37:00     -242.914052        0.181667
FIRE:  147 15:37:03     -242.920523        0.179707
FIRE:  148 15:37:07     -242.928551        0.179265
FIRE:  149 15:37:10     -242.938268        0.180157
FIRE:  150 15:37:14     -242.950068        0.179484
FIRE:  151 15:37:17     -242.964458        0.175803
FIRE:  152 15:37:21     -242.981720        0.173116
FIRE:  153 15:37:24     -243.002426        0.173783
FIRE:  154 15:37:28     -243.027256        0.169182
FIRE:  155 15:37:31     -243.056626        0.168802
FIRE:  156 15:37:35     -243.090625        0.315535
FIRE:  157 15:37:38     -243.124272        0.850831
FIRE:  158 15:37:42     -243.123044        2.297019
FIRE:  159 15:37:45     -243.177069        0.184435
FIRE:  160 15:37:49     -243.177507        0.154259
FIRE:  161 15:37:52     -243.178275        0.153926
FIRE:  162 15:37:55     -243.179174        0.153562
FIRE:  163 15:37:59     -243.180271        0.153285
FIRE:  164 15:38:02     -243.181631        0.153188
FIRE:  165 15:38:05     -243.183386        0.153280
FIRE:  166 15:38:09     -243.185404        0.153470
FIRE:  167 15:38:12     -243.187926        0.153563
FIRE:  168 15:38:15     -243.190997        0.153294
FIRE:  169 15:38:19     -243.194880        0.152510
FIRE:  170 15:38:22     -243.199771        0.151367
FIRE:  171 15:38:26     -243.205737        0.150217
FIRE:  172 15:38:29     -243.213129        0.149430
FIRE:  173 15:38:32     -243.222210        0.148201
FIRE:  174 15:38:36     -243.233440        0.146106
FIRE:  175 15:38:39     -243.247106        0.144986
FIRE:  176 15:38:42     -243.263754        0.144369
FIRE:  177 15:38:46     -243.283648        0.140433
FIRE:  178 15:38:49     -243.307031        0.222303
FIRE:  179 15:38:52     -243.332058        0.570761
FIRE:  180 15:38:56     -243.346930        1.408504
FIRE:  181 15:38:59     -243.367373        0.133363
FIRE:  182 15:39:03     -243.354431        1.250636
FIRE:  183 15:39:06     -243.360968        0.943673
FIRE:  184 15:39:10     -243.368382        0.439946
FIRE:  185 15:39:13     -243.370619        0.193853
FIRE:  186 15:39:16     -243.370707        0.181664
FIRE:  187 15:39:20     -243.370882        0.158052
FIRE:  188 15:39:23     -243.371145        0.132476
FIRE:  189 15:39:26     -243.371430        0.132472
FIRE:  190 15:39:30     -243.371759        0.132458
FIRE:  191 15:39:33     -243.372110        0.132425
FIRE:  192 15:39:36     -243.372461        0.132406
FIRE:  193 15:39:40     -243.372922        0.132347
FIRE:  194 15:39:43     -243.373492        0.132352
FIRE:  195 15:39:47     -243.374238        0.132360
FIRE:  196 15:39:50     -243.375203        0.132362
FIRE:  197 15:39:53     -243.376388        0.132470
FIRE:  198 15:39:57     -243.377835        0.132549
FIRE:  199 15:40:00     -243.379568        0.132981
FIRE:  200 15:40:03     -243.381696        0.133446
