%BLOCK lattice_cart
8.5481720464  0.0003649529  0.0217187211
-3.2086439118  8.2975374796  0.0016698671
-1.3190324476  -2.4592843636  8.6610353932
%ENDBLOCK lattice_cart

%BLOCK positions_abs
Fe  1.7310407562 5.7113777428 1.0291222458 # 2-mol % NUM=1
H  2.2937932393 1.5804085710 -5.5410329757 # 1-mol % NUM=1
H  3.1886042817 3.0841356090 -5.2278796384 # 1-mol % NUM=1
H  1.9050250560 2.5628195506 -4.1184373470 # 1-mol % NUM=1
H  4.5085485526 0.9787060952 -4.6370030898 # 1-mol % NUM=1
H  3.2425737311 0.5452465370 -3.4905181871 # 1-mol % NUM=1
H  3.7449818920 2.9581539051 -2.4204812042 # 1-mol % NUM=1
H  5.2194916908 2.9070371017 -3.4006221554 # 1-mol % NUM=1
H  4.7320779791 0.1567646636 -0.2384713729 # 1-mol % NUM=1
H  3.6899969065 0.0349786931 -1.6601060393 # 1-mol % NUM=1
H  2.6888860141 2.3667744957 -0.8712229316 # 1-mol % NUM=1
H  3.5626220040 2.0717211742 0.6227080947 # 1-mol % NUM=1
H  1.3546008217 0.3118345954 -0.6067506533 # 1-mol % NUM=1
H  1.2921933568 1.2527621603 0.8973114455 # 1-mol % NUM=1
H  2.3278113164 -0.1923411957 0.7848860815 # 1-mol % NUM=1
H  7.0036913056 0.5497198790 -1.4469892582 # 1-mol % NUM=1
H  6.8210577237 1.2512415225 -3.0691075197 # 1-mol % NUM=1
H  5.3752030873 -0.7047317941 -3.7032728638 # 1-mol % NUM=1
H  5.3582854960 -1.2833805841 -2.0331578740 # 1-mol % NUM=1
H  7.9055113106 -0.9339060698 -3.7298145614 # 1-mol % NUM=1
H  7.0792062432 -2.4761609188 -3.4340754005 # 1-mol % NUM=1
H  7.8359580820 -1.6096152070 -2.0834312878 # 1-mol % NUM=1
H  4.9822130950 3.2621394386 -0.5655002783 # 1-mol % NUM=1
H  6.4185977178 3.2291051493 -1.6051441393 # 1-mol % NUM=1
H  7.7064387567 2.0288919286 -0.1279428878 # 1-mol % NUM=1
H  6.3698299825 1.1069268375 0.5603868331 # 1-mol % NUM=1
H  6.9586918406 4.0501387708 1.1956981941 # 1-mol % NUM=1
H  7.2792392010 2.6524039293 2.2360062150 # 1-mol % NUM=1
H  5.6069545596 3.1110156460 1.8673570089 # 1-mol % NUM=1
C  2.7309686674 2.2074244399 -4.7513399666 # 1-mol % NUM=1
C  3.7581373560 1.3993054894 -3.9516696617 # 1-mol % NUM=1
C  4.4537999573 2.2816342382 -2.9175133651 # 1-mol % NUM=1
C  4.1619831920 0.7407690744 -0.9714922158 # 1-mol % NUM=1
C  3.1072491719 1.5708699328 -0.2421776994 # 1-mol % NUM=1
C  1.9573848849 0.6828576670 0.2357224231 # 1-mol % NUM=1
C  6.3089811285 0.6634126783 -2.2892771249 # 1-mol % NUM=1
C  5.9565858180 -0.7308933316 -2.7733898550 # 1-mol % NUM=1
C  7.2714520513 -1.4787280959 -3.0180731433 # 1-mol % NUM=1
C  5.8049843094 2.6296304635 -0.9202947108 # 1-mol % NUM=1
C  6.6702148194 2.1117784953 0.2340591530 # 1-mol % NUM=1
C  6.6199394210 3.0368187859 1.4478471631 # 1-mol % NUM=1
N  5.1679269385 1.5490352096 -1.7822709290 # 1-mol % NUM=1
Cl  0.2137012577 5.8134260832 -0.6098486025 # 2-mol % NUM=1
Cl  0.9200625702 4.3488181976 2.5883275736 # 2-mol % NUM=1
Cl  3.6168684732 4.9893010398 0.0788940665 # 2-mol % NUM=1
Cl  2.1992224697 7.6270383697 2.0686354385 # 2-mol % NUM=1
%ENDBLOCK positions_abs

#MINSEP=2.0 Fe-Cl=2.22 H-C=1.09 C-C=1.52 C-N=1.52


---

      Step     Time          Energy          fmax
FIRE:    0 17:13:13     -206.979579       22.967495
FIRE:    1 17:13:16     -214.123385       14.551424
FIRE:    2 17:13:20     -218.010071       16.277705
FIRE:    3 17:13:23     -220.447214       51.855504
FIRE:    4 17:13:26     -222.029723        7.794321
FIRE:    5 17:13:30     -216.230985       63.746680
FIRE:    6 17:13:33     -222.818664       55.839650
FIRE:    7 17:13:37     -223.730108        8.334622
FIRE:    8 17:13:40     -223.750420       17.268029
FIRE:    9 17:13:44     -223.656364       10.254603
FIRE:   10 17:13:47     -224.598123       10.807889
FIRE:   11 17:13:50     -219.710917       51.815121
FIRE:   12 17:13:53     -220.571188       66.368661
FIRE:   13 17:13:57     -223.876324       72.081444
FIRE:   14 17:14:00     -225.465303        5.304268
FIRE:   15 17:14:03     -225.335385        9.642964
FIRE:   16 17:14:06     -225.344861        9.575937
FIRE:   17 17:14:10     -225.363966       10.190385
FIRE:   18 17:14:13     -225.393863       10.354545
FIRE:   19 17:14:17     -225.434485       11.462550
FIRE:   20 17:14:20     -225.488247       11.077293
FIRE:   21 17:14:23     -225.554818       11.145151
FIRE:   22 17:14:26     -225.631721       11.124710
FIRE:   23 17:14:30     -225.723648        9.345527
FIRE:   24 17:14:33     -225.810531        5.226297
FIRE:   25 17:14:36     -225.888727        5.204247
FIRE:   26 17:14:40     -225.961023        5.671730
FIRE:   27 17:14:43     -226.045581        5.105235
FIRE:   28 17:14:47     -226.146743        7.171961
FIRE:   29 17:14:50     -226.274862        8.720208
FIRE:   30 17:14:53     -226.456414        8.442432
FIRE:   31 17:14:56     -226.691903        8.419974
FIRE:   32 17:15:00     -226.993108        5.152685
FIRE:   33 17:15:03     -227.262683        5.242702
FIRE:   34 17:15:06     -227.555223        8.137341
FIRE:   35 17:15:10     -227.975862        7.708765
FIRE:   36 17:15:13     -228.453113        4.882959
FIRE:   37 17:15:16     -228.960546        8.571094
FIRE:   38 17:15:20     -229.473550        8.067930
FIRE:   39 17:15:23     -230.046896        3.635848
FIRE:   40 17:15:26     -230.583261        4.744750
FIRE:   41 17:15:29     -231.154325        3.682915
FIRE:   42 17:15:33     -231.739692        6.540835
FIRE:   43 17:15:36     -232.240084        6.359132
FIRE:   44 17:15:39     -232.766556        5.972478
FIRE:   45 17:15:42     -233.035275       19.396937
FIRE:   46 17:15:45     -233.274669        4.087460
FIRE:   47 17:15:49     -233.282302        3.857984
FIRE:   48 17:15:52     -233.295923        2.667116
FIRE:   49 17:15:55     -233.309742        2.291751
FIRE:   50 17:15:59     -233.326632        2.916849
FIRE:   51 17:16:02     -233.349071        2.893827
FIRE:   52 17:16:05     -233.376840        2.348870
FIRE:   53 17:16:08     -233.404609        2.518063
FIRE:   54 17:16:11     -233.434308        3.280440
FIRE:   55 17:16:14     -233.473330        2.056251
FIRE:   56 17:16:18     -233.514325        2.513145
FIRE:   57 17:16:21     -233.562340        3.033362
FIRE:   58 17:16:24     -233.621475        1.492054
FIRE:   59 17:16:27     -233.678988        3.681958
FIRE:   60 17:16:30     -233.757096        1.246020
FIRE:   61 17:16:33     -233.839789        2.611030
FIRE:   62 17:16:37     -233.940688        1.455676
FIRE:   63 17:16:40     -234.047312        1.000858
FIRE:   64 17:16:43     -234.160209        3.240295
FIRE:   65 17:16:46     -234.266218        5.646556
FIRE:   66 17:16:49     -234.407498        7.171049
FIRE:   67 17:16:53     -234.509055        7.791750
FIRE:   68 17:16:56     -234.581329        3.885676
FIRE:   69 17:16:59     -234.583786        6.575825
FIRE:   70 17:17:02     -234.597429        4.510286
FIRE:   71 17:17:05     -234.611204        1.869708
FIRE:   72 17:17:08     -234.615108        1.492288
FIRE:   73 17:17:11     -234.615525        1.491604
FIRE:   74 17:17:15     -234.616381        1.511995
FIRE:   75 17:17:18     -234.617675        1.534265
FIRE:   76 17:17:21     -234.619364        1.193624
FIRE:   77 17:17:24     -234.621097        0.831510
FIRE:   78 17:17:27     -234.623005        0.824875
FIRE:   79 17:17:30     -234.625176        0.817319
FIRE:   80 17:17:33     -234.627743        0.808521
FIRE:   81 17:17:36     -234.630814        1.036896
FIRE:   82 17:17:39     -234.634784        1.217769
FIRE:   83 17:17:43     -234.639938        1.000144
FIRE:   84 17:17:46     -234.646212        0.758136
FIRE:   85 17:17:49     -234.653494        0.739796
FIRE:   86 17:17:52     -234.662290        0.715368
FIRE:   87 17:17:55     -234.672994        0.711120
FIRE:   88 17:17:58     -234.685913        0.702658
FIRE:   89 17:18:02     -234.701289        0.699348
FIRE:   90 17:18:05     -234.719604        0.917828
FIRE:   91 17:18:08     -234.741758        0.692305
FIRE:   92 17:18:11     -234.768014        0.734974
FIRE:   93 17:18:14     -234.799644        0.778234
FIRE:   94 17:18:17     -234.836713        1.189368
FIRE:   95 17:18:20     -234.880165        1.228327
FIRE:   96 17:18:24     -234.932435        0.826870
FIRE:   97 17:18:27     -234.993457        0.987956
FIRE:   98 17:18:30     -235.060050        2.346008
FIRE:   99 17:18:33     -235.130635        4.726813
FIRE:  100 17:18:36     -235.178080        6.540093
FIRE:  101 17:18:39     -235.222058        4.443870
FIRE:  102 17:18:42     -235.212122        6.848795
FIRE:  103 17:18:45     -235.224625        4.998062
FIRE:  104 17:18:48     -235.237676        2.352532
FIRE:  105 17:18:51     -235.240088        2.166784
FIRE:  106 17:18:54     -235.240549        1.967046
FIRE:  107 17:18:57     -235.241295        1.390958
FIRE:  108 17:19:00     -235.242150        1.057493
FIRE:  109 17:19:03     -235.243115        0.884929
FIRE:  110 17:19:07     -235.244168        0.782527
FIRE:  111 17:19:10     -235.245221        0.790736
FIRE:  112 17:19:13     -235.246208        1.051407
FIRE:  113 17:19:16     -235.247349        1.393856
FIRE:  114 17:19:19     -235.248972        1.497749
FIRE:  115 17:19:22     -235.251187        1.176843
FIRE:  116 17:19:25     -235.253798        0.656329
FIRE:  117 17:19:28     -235.256517        0.785161
FIRE:  118 17:19:31     -235.259895        0.961501
FIRE:  119 17:19:34     -235.264348        0.799353
FIRE:  120 17:19:37     -235.269832        0.662898
FIRE:  121 17:19:41     -235.276346        0.961247
FIRE:  122 17:19:44     -235.284681        0.667479
FIRE:  123 17:19:47     -235.294508        0.844191
FIRE:  124 17:19:50     -235.306506        0.670660
FIRE:  125 17:19:53     -235.320632        0.892814
FIRE:  126 17:19:56     -235.338223        0.665391
FIRE:  127 17:19:59     -235.359544        0.657464
FIRE:  128 17:20:02     -235.384308        1.596945
FIRE:  129 17:20:05     -235.412581        2.060831
FIRE:  130 17:20:08     -235.448905        1.508020
FIRE:  131 17:20:11     -235.489177        1.669166
FIRE:  132 17:20:14     -235.530348        3.623361
FIRE:  133 17:20:17     -235.566606        4.769110
FIRE:  134 17:20:20     -235.587465        2.948739
FIRE:  135 17:20:23     -235.588957        3.847745
FIRE:  136 17:20:26     -235.592532        3.175127
FIRE:  137 17:20:29     -235.597489        1.684600
FIRE:  138 17:20:32     -235.599442        1.420041
FIRE:  139 17:20:35     -235.599661        1.272519
FIRE:  140 17:20:38     -235.599990        0.889219
FIRE:  141 17:20:41     -235.600407        0.651423
FIRE:  142 17:20:44     -235.600801        0.651390
FIRE:  143 17:20:47     -235.601262        0.651414
FIRE:  144 17:20:51     -235.601810        0.651428
FIRE:  145 17:20:54     -235.602447        0.651448
FIRE:  146 17:20:57     -235.603280        0.651480
FIRE:  147 17:21:00     -235.604377        0.651508
FIRE:  148 17:21:03     -235.605715        0.651547
FIRE:  149 17:21:06     -235.607360        0.651602
FIRE:  150 17:21:09     -235.609356        0.651644
FIRE:  151 17:21:12     -235.611835        0.651627
FIRE:  152 17:21:15     -235.614927        0.651533
FIRE:  153 17:21:18     -235.618766        0.651307
FIRE:  154 17:21:21     -235.623438        0.650915
FIRE:  155 17:21:24     -235.629163        0.650393
FIRE:  156 17:21:28     -235.636204        0.649743
FIRE:  157 17:21:30     -235.644605        0.830508
FIRE:  158 17:21:33     -235.654892        0.647464
FIRE:  159 17:21:36     -235.667373        0.645523
FIRE:  160 17:21:39     -235.682310        0.881493
FIRE:  161 17:21:42     -235.699770        1.293614
FIRE:  162 17:21:45     -235.721441        0.998865
FIRE:  163 17:21:48     -235.746578        0.908203
FIRE:  164 17:21:51     -235.776409        1.240949
FIRE:  165 17:21:54     -235.809201        2.738854
FIRE:  166 17:21:57     -235.838659        3.888622
FIRE:  167 17:22:00     -235.889131        4.857171
FIRE:  168 17:22:03     -235.901984        0.624952
FIRE:  169 17:22:06     -235.902335        0.625028
FIRE:  170 17:22:09     -235.902993        0.624554
FIRE:  171 17:22:12     -235.903936        0.623823
FIRE:  172 17:22:15     -235.905187        0.624085
FIRE:  173 17:22:18     -235.906766        0.624353
FIRE:  174 17:22:21     -235.908674        0.624719
FIRE:  175 17:22:24     -235.910912        0.625099
FIRE:  176 17:22:27     -235.913697        0.625683
FIRE:  177 17:22:29     -235.917229        0.626369
FIRE:  178 17:22:31     -235.921681        0.627017
FIRE:  179 17:22:34     -235.927253        0.627759
FIRE:  180 17:22:36     -235.934118        0.628536
FIRE:  181 17:22:39     -235.942695        0.629494
FIRE:  182 17:22:42     -235.953201        0.630189
FIRE:  183 17:22:45     -235.966121        0.630103
FIRE:  184 17:22:48     -235.981979        0.630215
FIRE:  185 17:22:51     -236.001216        0.633525
FIRE:  186 17:22:54     -236.023655        1.674206
FIRE:  187 17:22:57     -236.046708        2.446136
FIRE:  188 17:23:00     -236.081299        2.487501
FIRE:  189 17:23:03     -236.111810        3.290973
FIRE:  190 17:23:06     -236.137122        6.785166
FIRE:  191 17:23:08     -236.163246        1.031813
FIRE:  192 17:23:11     -236.163795        0.980711
FIRE:  193 17:23:15     -236.164891        0.889441
FIRE:  194 17:23:18     -236.165966        0.709379
FIRE:  195 17:23:21     -236.166843        1.234634
FIRE:  196 17:23:23     -236.168423        1.139200
FIRE:  197 17:23:26     -236.170594        0.624805
FIRE:  198 17:23:29     -236.172568        0.863963
FIRE:  199 17:23:32     -236.175003        0.989501
FIRE:  200 17:23:35     -236.178578        0.625958
