%BLOCK lattice_cart
8.5481720464  0.0003649529  0.0217187211
-3.2086439118  8.2975374796  0.0016698671
-1.3190324476  -2.4592843636  8.6610353932
%ENDBLOCK lattice_cart

%BLOCK positions_abs
Fe  1.7310407562 5.7113777428 1.0291222458 # 2-mol % NUM=1
H  2.2937932393 1.5804085710 -5.5410329757 # 1-mol % NUM=1
H  3.1886042817 3.0841356090 -5.2278796384 # 1-mol % NUM=1
H  1.9050250560 2.5628195506 -4.1184373470 # 1-mol % NUM=1
H  4.5085485526 0.9787060952 -4.6370030898 # 1-mol % NUM=1
H  3.2425737311 0.5452465370 -3.4905181871 # 1-mol % NUM=1
H  3.7449818920 2.9581539051 -2.4204812042 # 1-mol % NUM=1
H  5.2194916908 2.9070371017 -3.4006221554 # 1-mol % NUM=1
H  4.7320779791 0.1567646636 -0.2384713729 # 1-mol % NUM=1
H  3.6899969065 0.0349786931 -1.6601060393 # 1-mol % NUM=1
H  2.6888860141 2.3667744957 -0.8712229316 # 1-mol % NUM=1
H  3.5626220040 2.0717211742 0.6227080947 # 1-mol % NUM=1
H  1.3546008217 0.3118345954 -0.6067506533 # 1-mol % NUM=1
H  1.2921933568 1.2527621603 0.8973114455 # 1-mol % NUM=1
H  2.3278113164 -0.1923411957 0.7848860815 # 1-mol % NUM=1
H  7.0036913056 0.5497198790 -1.4469892582 # 1-mol % NUM=1
H  6.8210577237 1.2512415225 -3.0691075197 # 1-mol % NUM=1
H  5.3752030873 -0.7047317941 -3.7032728638 # 1-mol % NUM=1
H  5.3582854960 -1.2833805841 -2.0331578740 # 1-mol % NUM=1
H  7.9055113106 -0.9339060698 -3.7298145614 # 1-mol % NUM=1
H  7.0792062432 -2.4761609188 -3.4340754005 # 1-mol % NUM=1
H  7.8359580820 -1.6096152070 -2.0834312878 # 1-mol % NUM=1
H  4.9822130950 3.2621394386 -0.5655002783 # 1-mol % NUM=1
H  6.4185977178 3.2291051493 -1.6051441393 # 1-mol % NUM=1
H  7.7064387567 2.0288919286 -0.1279428878 # 1-mol % NUM=1
H  6.3698299825 1.1069268375 0.5603868331 # 1-mol % NUM=1
H  6.9586918406 4.0501387708 1.1956981941 # 1-mol % NUM=1
H  7.2792392010 2.6524039293 2.2360062150 # 1-mol % NUM=1
H  5.6069545596 3.1110156460 1.8673570089 # 1-mol % NUM=1
C  2.7309686674 2.2074244399 -4.7513399666 # 1-mol % NUM=1
C  3.7581373560 1.3993054894 -3.9516696617 # 1-mol % NUM=1
C  4.4537999573 2.2816342382 -2.9175133651 # 1-mol % NUM=1
C  4.1619831920 0.7407690744 -0.9714922158 # 1-mol % NUM=1
C  3.1072491719 1.5708699328 -0.2421776994 # 1-mol % NUM=1
C  1.9573848849 0.6828576670 0.2357224231 # 1-mol % NUM=1
C  6.3089811285 0.6634126783 -2.2892771249 # 1-mol % NUM=1
C  5.9565858180 -0.7308933316 -2.7733898550 # 1-mol % NUM=1
C  7.2714520513 -1.4787280959 -3.0180731433 # 1-mol % NUM=1
C  5.8049843094 2.6296304635 -0.9202947108 # 1-mol % NUM=1
C  6.6702148194 2.1117784953 0.2340591530 # 1-mol % NUM=1
C  6.6199394210 3.0368187859 1.4478471631 # 1-mol % NUM=1
N  5.1679269385 1.5490352096 -1.7822709290 # 1-mol % NUM=1
Cl  0.2137012577 5.8134260832 -0.6098486025 # 2-mol % NUM=1
Cl  0.9200625702 4.3488181976 2.5883275736 # 2-mol % NUM=1
Cl  3.6168684732 4.9893010398 0.0788940665 # 2-mol % NUM=1
Cl  2.1992224697 7.6270383697 2.0686354385 # 2-mol % NUM=1
%ENDBLOCK positions_abs

#MINSEP=2.0 Fe-Cl=2.22 H-C=1.09 C-C=1.52 C-N=1.52


---

      Step     Time          Energy          fmax
FIRE:    0 17:50:36     -181.367398       96.908353
FIRE:    1 17:50:39     -200.419713       38.578453
FIRE:    2 17:50:42     -207.735749       20.145115
FIRE:    3 17:50:45     -211.916774       18.592329
FIRE:    4 17:50:48     -215.396442       13.453577
FIRE:    5 17:50:52     -218.303884        8.227009
FIRE:    6 17:50:55     -220.582594        7.927900
FIRE:    7 17:50:58     -222.423820        7.119906
FIRE:    8 17:51:00     -223.966650        5.038159
FIRE:    9 17:51:03     -225.363132        5.312937
FIRE:   10 17:51:06     -226.675540        5.811523
FIRE:   11 17:51:09     -227.897731        5.583338
FIRE:   12 17:51:12     -228.830167        6.774280
FIRE:   13 17:51:14     -229.637839        4.119009
FIRE:   14 17:51:17     -229.917439       14.164947
FIRE:   15 17:51:20     -226.705305       18.610122
FIRE:   16 17:51:23     -235.942607       13.091633
FIRE:   17 17:51:25     -235.227323        6.568028
FIRE:   18 17:51:28     -235.379438        3.939226
FIRE:   19 17:51:31     -235.575336        3.628933
FIRE:   20 17:51:34     -235.841269        2.109621
FIRE:   21 17:51:37     -235.943594        6.397145
FIRE:   22 17:51:40     -236.285750        8.159599
FIRE:   23 17:51:42     -236.697680        4.563385
FIRE:   24 17:51:45     -237.368920       15.193109
FIRE:   25 17:51:48     -229.321895       22.184808
FIRE:   26 17:51:50     -229.905572       34.772198
FIRE:   27 17:51:53     -235.656427      114.307690
FIRE:   28 17:51:56     -236.910840        8.797014
FIRE:   29 17:51:58     -236.937140        8.148357
FIRE:   30 17:52:01     -236.980197        7.491539
FIRE:   31 17:52:04     -237.018889        4.066655
FIRE:   32 17:52:08     -237.068352        4.902972
FIRE:   33 17:52:11     -237.142710        4.711682
FIRE:   34 17:52:13     -237.160323        3.369400
FIRE:   35 17:52:16     -237.161793        3.451468
FIRE:   36 17:52:20     -237.164754        3.068351
FIRE:   37 17:52:22     -237.168987        3.162959
FIRE:   38 17:52:25     -237.174559        3.071163
FIRE:   39 17:52:28     -237.181051        2.661697
FIRE:   40 17:52:30     -237.187917        1.832048
FIRE:   41 17:52:33     -237.193291        1.654799
FIRE:   42 17:52:36     -237.199169        1.666895
FIRE:   43 17:52:38     -237.206495        1.728538
FIRE:   44 17:52:41     -237.215774        1.709891
FIRE:   45 17:52:44     -237.227794        1.822970
FIRE:   46 17:52:47     -237.242753        2.053373
FIRE:   47 17:52:49     -237.261902        2.963786
FIRE:   48 17:52:52     -237.288618        2.009051
FIRE:   49 17:52:55     -237.314260        2.156665
FIRE:   50 17:52:57     -237.342226        2.097519
FIRE:   51 17:53:01     -237.378769        1.619207
FIRE:   52 17:53:03     -237.424700        1.697469
FIRE:   53 17:53:06     -237.473943        1.807366
FIRE:   54 17:53:09     -237.531981        2.367374
FIRE:   55 17:53:12     -237.608182        2.376458
FIRE:   56 17:53:14     -237.704672        2.830561
FIRE:   57 17:53:17     -237.820662        1.789791
FIRE:   58 17:53:20     -237.951764        1.647656
FIRE:   59 17:53:22     -238.100656        3.298329
FIRE:   60 17:53:25     -238.256983        3.832448
FIRE:   61 17:53:28     -238.446234        1.200185
FIRE:   62 17:53:30     -238.538534       10.233360
FIRE:   63 17:53:33     -238.625132       12.289521
FIRE:   64 17:53:35     -238.224344       62.966473
FIRE:   65 17:53:38     -238.810325        2.876158
FIRE:   66 17:53:41     -238.814821        2.837869
FIRE:   67 17:53:44     -238.823266        2.766615
FIRE:   68 17:53:47     -238.836449        2.685334
FIRE:   69 17:53:49     -238.856365        3.450353
FIRE:   70 17:53:52     -238.883520        2.437385
FIRE:   71 17:53:55     -238.907736        2.500351
FIRE:   72 17:53:57     -238.928223        2.517592
FIRE:   73 17:54:00     -238.941010        4.572011
FIRE:   74 17:54:02     -238.970161        3.698544
FIRE:   75 17:54:05     -239.005388        2.265847
FIRE:   76 17:54:08     -239.035241        2.593480
FIRE:   77 17:54:10     -239.068253        1.186411
FIRE:   78 17:54:13     -239.080360        8.617931
FIRE:   79 17:54:16     -239.100014        2.522805
FIRE:   80 17:54:18     -239.098588        3.096798
FIRE:   81 17:54:21     -239.099619        3.026451
FIRE:   82 17:54:24     -239.101439        2.007922
FIRE:   83 17:54:27     -239.103567        3.525966
FIRE:   84 17:54:29     -239.106682        1.145315
FIRE:   85 17:54:32     -239.107866        1.209192
FIRE:   86 17:54:34     -239.107998        4.708703
FIRE:   87 17:54:37     -239.108502        4.114941
FIRE:   88 17:54:40     -239.109204        2.567255
FIRE:   89 17:54:42     -239.109753        1.114807
FIRE:   90 17:54:45     -239.110126        1.187221
FIRE:   91 17:54:47     -239.110520        1.174929
FIRE:   92 17:54:50     -239.110981        1.143079
FIRE:   93 17:54:53     -239.111507        1.117780
FIRE:   94 17:54:55     -239.112034        1.096731
FIRE:   95 17:54:58     -239.112714        1.206971
FIRE:   96 17:55:00     -239.113591        1.351023
FIRE:   97 17:55:03     -239.114820        1.311862
FIRE:   98 17:55:06     -239.116377        1.075440
FIRE:   99 17:55:09     -239.118285        1.084291
FIRE:  100 17:55:11     -239.120369        1.095979
FIRE:  101 17:55:14     -239.122848        1.041357
FIRE:  102 17:55:16     -239.125896        1.223025
FIRE:  103 17:55:19     -239.129867        0.977176
FIRE:  104 17:55:22     -239.134341        0.991553
FIRE:  105 17:55:24     -239.139627        1.804678
FIRE:  106 17:55:27     -239.145813        2.506180
FIRE:  107 17:55:29     -239.153358        1.489690
FIRE:  108 17:55:32     -239.161299        2.355015
FIRE:  109 17:55:35     -239.169042        4.024592
FIRE:  110 17:55:37     -239.180448        2.595150
FIRE:  111 17:55:40     -239.194157        1.328266
FIRE:  112 17:55:42     -239.205848        3.968063
FIRE:  113 17:55:45     -239.226203        3.291257
FIRE:  114 17:55:48     -239.246119        2.485541
FIRE:  115 17:55:51     -239.269962        3.415913
FIRE:  116 17:55:53     -239.290537        3.742646
FIRE:  117 17:55:56     -239.333243        1.655522
FIRE:  118 17:55:58     -239.375511        1.227743
FIRE:  119 17:56:01     -239.423679        1.825883
FIRE:  120 17:56:03     -239.463622        5.245249
FIRE:  121 17:56:06     -239.392554       20.394844
FIRE:  122 17:56:09     -239.512251        3.621381
FIRE:  123 17:56:11     -239.516155        3.830253
FIRE:  124 17:56:13     -239.525148        4.921399
FIRE:  125 17:56:15     -239.542499        4.103636
FIRE:  126 17:56:17     -239.559783        0.835522
FIRE:  127 17:56:19     -239.552874        4.333950
FIRE:  128 17:56:20     -239.554321        4.249769
FIRE:  129 17:56:22     -239.556997        3.941378
FIRE:  130 17:56:25     -239.561077        4.167418
FIRE:  131 17:56:27     -239.563424        1.739887
FIRE:  132 17:56:28     -239.564323        2.050159
FIRE:  133 17:56:30     -239.564433        2.067813
FIRE:  134 17:56:32     -239.564631        2.030319
FIRE:  135 17:56:34     -239.564894        1.689046
FIRE:  136 17:56:36     -239.565223        1.083282
FIRE:  137 17:56:38     -239.565442        0.618968
FIRE:  138 17:56:40     -239.565618        0.900245
FIRE:  139 17:56:42     -239.565771        1.231049
FIRE:  140 17:56:44     -239.566034        1.408036
FIRE:  141 17:56:45     -239.566385        1.435057
FIRE:  142 17:56:47     -239.566868        1.269792
FIRE:  143 17:56:49     -239.567526        0.860171
FIRE:  144 17:56:51     -239.568228        0.617552
FIRE:  145 17:56:53     -239.568974        0.999145
FIRE:  146 17:56:55     -239.569983        1.163294
FIRE:  147 17:56:57     -239.571255        0.741709
FIRE:  148 17:56:59     -239.572790        0.615298
FIRE:  149 17:57:01     -239.574545        0.930706
FIRE:  150 17:57:02     -239.576826        0.715512
FIRE:  151 17:57:04     -239.579612        0.612196
FIRE:  152 17:57:06     -239.582924        0.969007
FIRE:  153 17:57:08     -239.587004        0.601667
FIRE:  154 17:57:10     -239.591939        0.756061
FIRE:  155 17:57:11     -239.597774        1.143821
FIRE:  156 17:57:13     -239.604902        0.937069
FIRE:  157 17:57:15     -239.613369        0.839050
FIRE:  158 17:57:17     -239.623349        1.336706
FIRE:  159 17:57:19     -239.634624        2.114994
FIRE:  160 17:57:21     -239.648552        2.662091
FIRE:  161 17:57:23     -239.664498        1.559616
FIRE:  162 17:57:24     -239.685073        0.726302
FIRE:  163 17:57:26     -239.707885        3.818906
FIRE:  164 17:57:28     -239.729468        2.894162
FIRE:  165 17:57:30     -239.760659        3.149521
FIRE:  166 17:57:32     -239.804901        4.356003
FIRE:  167 17:57:33     -239.830543        3.425401
FIRE:  168 17:57:35     -239.890380        2.203431
FIRE:  169 17:57:37     -239.858290       15.290147
FIRE:  170 17:57:39     -239.944141        1.052065
FIRE:  171 17:57:41     -239.944887        1.141756
FIRE:  172 17:57:42     -239.946466        1.531828
FIRE:  173 17:57:44     -239.948967        0.854799
FIRE:  174 17:57:46     -239.951468        0.731253
FIRE:  175 17:57:48     -239.954977        2.318815
FIRE:  176 17:57:49     -239.962347        3.088585
FIRE:  177 17:57:51     -239.973029        2.451530
FIRE:  178 17:57:53     -239.973117        7.514080
FIRE:  179 17:57:55     -239.977526        4.542172
FIRE:  180 17:57:57     -239.980947        1.640491
FIRE:  181 17:57:59     -239.980926        2.506719
FIRE:  182 17:58:00     -239.981101        2.516947
FIRE:  183 17:58:02     -239.981474        2.588199
FIRE:  184 17:58:04     -239.982022        2.339201
FIRE:  185 17:58:06     -239.982373        1.023027
FIRE:  186 17:58:08     -239.982790        2.100881
FIRE:  187 17:58:09     -239.983470        1.470846
FIRE:  188 17:58:11     -239.983843        1.632659
FIRE:  189 17:58:13     -239.984216        2.466191
FIRE:  190 17:58:15     -239.984896        2.675439
FIRE:  191 17:58:17     -239.986058        2.036302
FIRE:  192 17:58:18     -239.987418        1.407925
FIRE:  193 17:58:20     -239.988997        1.632664
FIRE:  194 17:58:22     -239.990489        1.593051
FIRE:  195 17:58:24     -239.991959        1.466734
FIRE:  196 17:58:26     -239.993494        1.034843
FIRE:  197 17:58:27     -239.994832        1.447986
FIRE:  198 17:58:29     -239.996675        2.546114
FIRE:  199 17:58:31     -239.999701        1.771082
FIRE:  200 17:58:33     -240.003891        1.565018
