%BLOCK lattice_cart
8.6493225003  -0.0041067078  0.0470949615
-2.8839503292  8.5298654762  0.0494422281
-3.5461821387  -2.4541631591  8.2506575972
%ENDBLOCK lattice_cart

%BLOCK positions_abs
Fe  2.9766109815 1.4460685130 1.1979963551 # 2-mol % NUM=1
H  1.9924785317 9.0413393815 5.6772698675 # 1-mol % NUM=1
H  3.7338318025 9.2774653616 5.9584631317 # 1-mol % NUM=1
H  2.8898440765 7.9328848740 6.7381645207 # 1-mol % NUM=1
H  3.1763546370 8.2848896165 3.6964381090 # 1-mol % NUM=1
H  2.4163825006 6.9079598694 4.5128346287 # 1-mol % NUM=1
H  4.7915412430 6.5979987214 5.6572341357 # 1-mol % NUM=1
H  5.3848228163 7.7213619634 4.4292791345 # 1-mol % NUM=1
H  3.9808907273 3.9421020567 3.2276051485 # 1-mol % NUM=1
H  2.8748812930 5.0647585561 4.0258820444 # 1-mol % NUM=1
H  4.3905176387 4.7051803546 6.1778983159 # 1-mol % NUM=1
H  5.0775670079 3.3550194098 5.2815720927 # 1-mol % NUM=1
H  2.1138846956 3.7459285439 6.0436261184 # 1-mol % NUM=1
H  3.2174828303 2.4985029798 6.6491244866 # 1-mol % NUM=1
H  2.6711522255 2.4584933372 4.9572312929 # 1-mol % NUM=1
H  5.1480021916 5.4757762339 1.6422221593 # 1-mol % NUM=1
H  5.1697033064 7.1847597900 2.1179718396 # 1-mol % NUM=1
H  2.6187597079 7.1062925376 2.2379085323 # 1-mol % NUM=1
H  2.6568678042 5.3612577860 1.9467910784 # 1-mol % NUM=1
H  3.6666044681 7.4777603028 -0.0379685834 # 1-mol % NUM=1
H  2.1207132208 6.6065397534 -0.1149949474 # 1-mol % NUM=1
H  3.6445933599 5.7170230987 -0.3041806056 # 1-mol % NUM=1
H  6.3995811413 5.1766170113 4.9461995090 # 1-mol % NUM=1
H  6.8737579483 6.3172029502 3.6678786156 # 1-mol % NUM=1
H  7.1883880289 4.6710104714 2.0704373028 # 1-mol % NUM=1
H  5.9002354181 3.6292230445 2.6647977543 # 1-mol % NUM=1
H  8.6466613550 3.8865200897 4.0047384517 # 1-mol % NUM=1
H  8.0846415514 2.5660212177 2.9641799067 # 1-mol % NUM=1
H  7.3308502296 2.8157193932 4.5410041433 # 1-mol % NUM=1
C  2.9504095960 8.5228713127 5.8138328389 # 1-mol % NUM=1
C  3.2245102461 7.6491159919 4.5900971820 # 1-mol % NUM=1
C  4.5968955754 6.9911265039 4.6532925727 # 1-mol % NUM=1
C  3.8967910750 4.6688771938 4.0427572087 # 1-mol % NUM=1
C  4.1797983601 3.9831368467 5.3769971515 # 1-mol % NUM=1
C  2.9791513066 3.1218001244 5.7770611067 # 1-mol % NUM=1
C  4.6259466543 6.2366225067 2.2367380070 # 1-mol % NUM=1
C  3.1848326456 6.3056347388 1.7471637743 # 1-mol % NUM=1
C  3.1592953619 6.5423922941 0.2348171084 # 1-mol % NUM=1
C  6.2871339848 5.4132502392 3.8793082742 # 1-mol % NUM=1
C  6.7443520167 4.2542004724 2.9865597505 # 1-mol % NUM=1
C  7.7557338294 3.3362978205 3.6723027867 # 1-mol % NUM=1
N  4.8245701768 5.8240057216 3.6992225500 # 1-mol % NUM=1
Cl  3.6301046650 1.9408020076 -0.8726355506 # 2-mol % NUM=1
Cl  1.7977798127 -0.4236103744 1.4540328310 # 2-mol % NUM=1
Cl  4.8814725716 1.3608155050 2.3550675260 # 2-mol % NUM=1
Cl  1.7326145737 3.1739703975 1.8622164388 # 2-mol % NUM=1
%ENDBLOCK positions_abs

#MINSEP=2.0 Fe-Cl=2.23 H-C=1.1 C-C=1.52 C-N=1.52


---

      Step     Time          Energy          fmax
FIRE:    0 16:46:48     -239.466715        2.631755
FIRE:    1 16:46:51     -240.198384        1.657168
FIRE:    2 16:46:54     -240.637601        2.274883
FIRE:    3 16:46:57     -241.067561        2.980837
FIRE:    4 16:47:00     -241.799274        1.228644
FIRE:    5 16:47:03     -242.070824        1.531204
FIRE:    6 16:47:06     -242.120374        1.262651
FIRE:    7 16:47:09     -242.191288        0.920599
FIRE:    8 16:47:12     -242.249020        0.872899
FIRE:    9 16:47:15     -242.280474        0.811024
FIRE:   10 16:47:18     -242.304338        0.881472
FIRE:   11 16:47:21     -242.347155        0.972108
FIRE:   12 16:47:24     -242.413441        0.786745
FIRE:   13 16:47:27     -242.493370        0.615409
FIRE:   14 16:47:30     -242.560555        0.554405
FIRE:   15 16:47:33     -242.616028        0.648548
FIRE:   16 16:47:36     -242.695146        0.656551
FIRE:   17 16:47:38     -242.798545        0.406738
FIRE:   18 16:47:41     -242.878014        0.539494
FIRE:   19 16:47:44     -242.958009        0.706693
FIRE:   20 16:47:47     -243.059785        0.370026
FIRE:   21 16:47:50     -243.129975        0.553067
FIRE:   22 16:47:53     -243.223658        0.288871
FIRE:   23 16:47:56     -243.285030        0.677037
FIRE:   24 16:47:59     -243.372154        0.353325
FIRE:   25 16:48:02     -243.421419        0.618179
FIRE:   26 16:48:05     -243.470421        0.691221
FIRE:   27 16:48:07     -243.495207        0.267653
FIRE:   28 16:48:10     -243.498738        0.390228
FIRE:   29 16:48:13     -243.501327        0.329536
FIRE:   30 16:48:16     -243.505297        0.221210
FIRE:   31 16:48:19     -243.509069        0.191670
FIRE:   32 16:48:22     -243.511680        0.189185
FIRE:   33 16:48:24     -243.513654        0.196088
FIRE:   34 16:48:27     -243.516374        0.239369
FIRE:   35 16:48:31     -243.520585        0.226714
FIRE:   36 16:48:34     -243.526529        0.167480
FIRE:   37 16:48:36     -243.532912        0.156747
FIRE:   38 16:48:39     -243.538527        0.166185
FIRE:   39 16:48:42     -243.544932        0.190486
FIRE:   40 16:48:45     -243.553991        0.149587
FIRE:   41 16:48:48     -243.563862        0.151577
FIRE:   42 16:48:51     -243.573118        0.167922
FIRE:   43 16:48:54     -243.584941        0.124773
FIRE:   44 16:48:57     -243.596237        0.129240
FIRE:   45 16:49:00     -243.607928        0.131856
FIRE:   46 16:49:03     -243.619510        0.159313
FIRE:   47 16:49:05     -243.632319        0.129646
FIRE:   48 16:49:09     -243.643967        0.215339
FIRE:   49 16:49:12     -243.656974        0.208531
FIRE:   50 16:49:15     -243.670771        0.231357
FIRE:   51 16:49:18     -243.681321        0.491857
FIRE:   52 16:49:20     -243.690007        0.096305
