%BLOCK lattice_cart
8.3314243273  -0.0956853922  -0.0470161769
-3.3726052025  8.2954954257  0.0937700956
-1.7535142569  -4.0788592203  8.3119912540
%ENDBLOCK lattice_cart

%BLOCK positions_abs
Fe  5.0930691192 -1.6965770058 2.3378487210 # 2-mol % NUM=1
H  -3.8528886729 2.2425432882 5.1513021058 # 1-mol % NUM=1
H  -3.8153632973 1.2124279097 6.6043782713 # 1-mol % NUM=1
H  -3.5781872731 0.4927809986 4.9962869825 # 1-mol % NUM=1
H  -1.6925121455 2.4710140595 6.4025635763 # 1-mol % NUM=1
H  -1.4543499628 1.8504289911 4.7495056105 # 1-mol % NUM=1
H  -1.5346579942 -0.5404584281 5.7973637999 # 1-mol % NUM=1
H  -1.5171218674 0.2625146093 7.3857000953 # 1-mol % NUM=1
H  1.9436997254 0.4210738762 4.9942264828 # 1-mol % NUM=1
H  0.4028230146 1.0184692783 4.3416495364 # 1-mol % NUM=1
H  -0.3508412872 -1.5421099227 4.3922760567 # 1-mol % NUM=1
H  1.3653922089 -1.8735186518 4.6115713239 # 1-mol % NUM=1
H  -0.0179156812 -0.4028736281 2.2950419844 # 1-mol % NUM=1
H  0.9590210273 -1.8825749524 2.2163023475 # 1-mol % NUM=1
H  1.7489353653 -0.3216580595 2.5305256844 # 1-mol % NUM=1
H  1.9422941360 1.2424984226 7.3074827444 # 1-mol % NUM=1
H  0.3471841438 1.7201308145 7.9243594792 # 1-mol % NUM=1
H  0.0728827839 3.2732151748 6.0005203108 # 1-mol % NUM=1
H  1.4563622345 2.6005868492 5.1694523566 # 1-mol % NUM=1
H  1.5214654869 4.1433573948 7.8185222426 # 1-mol % NUM=1
H  2.2165127910 4.6340418410 6.2485382850 # 1-mol % NUM=1
H  2.9250646763 3.2949627860 7.1906145905 # 1-mol % NUM=1
H  0.2139431827 -1.7615843083 6.6552131362 # 1-mol % NUM=1
H  0.1692249497 -0.7718968981 8.1281223551 # 1-mol % NUM=1
H  2.4548184134 -0.6081838041 8.3343744555 # 1-mol % NUM=1
H  2.7667125984 -0.6085185763 6.5986988422 # 1-mol % NUM=1
H  2.0424755758 -3.1438489843 8.1732401303 # 1-mol % NUM=1
H  3.6520104077 -2.6126733358 7.6447201548 # 1-mol % NUM=1
H  2.4236672769 -3.0351476729 6.4368033289 # 1-mol % NUM=1
C  -3.3660820241 1.3753641142 5.6156962195 # 1-mol % NUM=1
C  -1.8608285778 1.6100320696 5.7413562436 # 1-mol % NUM=1
C  -1.2150722210 0.3630557147 6.3340041710 # 1-mol % NUM=1
C  0.8654687134 0.2087403148 4.9210303498 # 1-mol % NUM=1
C  0.6544117408 -1.1299848877 4.2275587353 # 1-mol % NUM=1
C  0.8506444914 -0.9203104882 2.7266633390 # 1-mol % NUM=1
C  0.9292069532 1.5422394734 7.0110895096 # 1-mol % NUM=1
C  1.0501121773 2.8037226024 6.1684775684 # 1-mol % NUM=1
C  1.9843393372 3.7786596632 6.8942754609 # 1-mol % NUM=1
C  0.6757195193 -0.9042658653 7.1632616111 # 1-mol % NUM=1
C  2.1771785483 -1.0945936099 7.3868383851 # 1-mol % NUM=1
C  2.5826669081 -2.5613626614 7.4152480653 # 1-mol % NUM=1
N  0.3113467871 0.3237506335 6.3359896414 # 1-mol % NUM=1
Cl  3.4438493450 -1.8332958859 0.8274191416 # 2-mol % NUM=1
Cl  4.3885618366 -2.0798449717 4.4186333905 # 2-mol % NUM=1
Cl  6.6561505568 -3.2328386007 1.9342564165 # 2-mol % NUM=1
Cl  5.9125154535 0.3711782568 2.1304478075 # 2-mol % NUM=1
%ENDBLOCK positions_abs

#MINSEP=2.0 Fe-Cl=2.23 H-C=1.09 C-C=1.52 C-N=1.52


---

      Step     Time          Energy          fmax
FIRE:    0 16:21:12     -193.108502       81.372769
FIRE:    1 16:21:14     -213.493207       43.893776
FIRE:    2 16:21:16     -221.219353       19.033608
FIRE:    3 16:21:19     -224.446599       13.501880
FIRE:    4 16:21:21     -226.669640       17.186056
FIRE:    5 16:21:23     -228.895093       13.048255
FIRE:    6 16:21:26     -230.789949        6.046326
FIRE:    7 16:21:28     -232.012711        5.498056
FIRE:    8 16:21:30     -232.981865        5.435547
FIRE:    9 16:21:32     -233.890063        5.007255
FIRE:   10 16:21:35     -234.737459        4.058794
FIRE:   11 16:21:37     -235.372134        4.222698
FIRE:   12 16:21:39     -235.759958        4.298895
FIRE:   13 16:21:42     -235.980290        4.116001
FIRE:   14 16:21:44     -236.739817        3.764973
FIRE:   15 16:21:48     -237.594166        2.744263
FIRE:   16 16:21:51     -238.351257        2.916277
FIRE:   17 16:21:53     -239.131468        4.197913
FIRE:   18 16:21:56     -239.850942        4.368456
FIRE:   19 16:21:59     -240.380814        2.035663
FIRE:   20 16:22:02     -240.247561        5.870730
FIRE:   21 16:22:05     -240.401103        5.071110
FIRE:   22 16:22:08     -240.638632        3.608071
FIRE:   23 16:22:11     -240.852647        1.523721
FIRE:   24 16:22:14     -240.963745        1.732012
FIRE:   25 16:22:17     -241.013142        2.081669
FIRE:   26 16:22:20     -241.069908        2.418592
FIRE:   27 16:22:23     -241.157142        2.277578
FIRE:   28 16:22:26     -241.278790        1.940214
FIRE:   29 16:22:28     -241.409674        1.693596
FIRE:   30 16:22:31     -241.521759        1.080020
FIRE:   31 16:22:34     -241.612107        1.253974
FIRE:   32 16:22:37     -241.727505        1.517106
FIRE:   33 16:22:40     -241.907104        1.355026
FIRE:   34 16:22:42     -242.083348        0.779068
FIRE:   35 16:22:45     -242.182448        1.460929
FIRE:   36 16:22:48     -242.311270        1.639177
FIRE:   37 16:22:51     -242.501354        0.891330
FIRE:   38 16:22:54     -242.640573        1.560821
FIRE:   39 16:22:56     -242.785472        0.975197
FIRE:   40 16:22:59     -242.867924        1.403970
FIRE:   41 16:23:02     -242.902800        0.933178
FIRE:   42 16:23:05     -242.935350        0.392703
FIRE:   43 16:23:08     -242.944870        0.648309
FIRE:   44 16:23:10     -242.947875        0.593925
FIRE:   45 16:23:13     -242.953095        0.481603
FIRE:   46 16:23:16     -242.959215        0.327884
FIRE:   47 16:23:18     -242.964918        0.318892
FIRE:   48 16:23:21     -242.969612        0.313174
FIRE:   49 16:23:24     -242.973736        0.311515
FIRE:   50 16:23:27     -242.978342        0.332662
FIRE:   51 16:23:29     -242.984813        0.366255
FIRE:   52 16:23:32     -242.993784        0.333602
FIRE:   53 16:23:35     -243.004883        0.288336
FIRE:   54 16:23:38     -243.016903        0.266054
FIRE:   55 16:23:41     -243.029406        0.237026
FIRE:   56 16:23:43     -243.043488        0.274353
FIRE:   57 16:23:46     -243.060531        0.234547
FIRE:   58 16:23:49     -243.079592        0.175758
FIRE:   59 16:23:51     -243.099684        0.218378
FIRE:   60 16:23:54     -243.121772        0.285086
FIRE:   61 16:23:57     -243.147501        0.153462
FIRE:   62 16:24:00     -243.174239        0.235248
FIRE:   63 16:24:02     -243.206088        0.217341
FIRE:   64 16:24:05     -243.240635        0.302982
FIRE:   65 16:24:08     -243.282025        0.209313
FIRE:   66 16:24:11     -243.326377        0.302019
FIRE:   67 16:24:14     -243.369939        0.439089
FIRE:   68 16:24:16     -243.402468        0.866629
FIRE:   69 16:24:19     -243.427912        0.152680
FIRE:   70 16:24:22     -243.414707        0.629619
FIRE:   71 16:24:24     -243.421660        0.487352
FIRE:   72 16:24:27     -243.430149        0.258165
FIRE:   73 16:24:30     -243.433483        0.123044
FIRE:   74 16:24:32     -243.433593        0.118690
FIRE:   75 16:24:35     -243.433790        0.118564
FIRE:   76 16:24:38     -243.434119        0.118381
FIRE:   77 16:24:40     -243.434514        0.118164
FIRE:   78 16:24:42     -243.434953        0.117916
FIRE:   79 16:24:45     -243.435479        0.117660
FIRE:   80 16:24:48     -243.436049        0.117427
FIRE:   81 16:24:51     -243.436773        0.117214
FIRE:   82 16:24:53     -243.437673        0.117059
FIRE:   83 16:24:56     -243.438791        0.116995
FIRE:   84 16:24:58     -243.440217        0.117056
FIRE:   85 16:25:01     -243.441994        0.117233
FIRE:   86 16:25:04     -243.444165        0.117473
FIRE:   87 16:25:06     -243.446754        0.117596
FIRE:   88 16:25:09     -243.449934        0.117430
FIRE:   89 16:25:11     -243.453816        0.116818
FIRE:   90 16:25:14     -243.458510        0.115758
FIRE:   91 16:25:17     -243.464148        0.114562
FIRE:   92 16:25:19     -243.470947        0.113609
FIRE:   93 16:25:22     -243.479107        0.112887
FIRE:   94 16:25:24     -243.488758        0.111863
FIRE:   95 16:25:26     -243.500208        0.110220
FIRE:   96 16:25:28     -243.513807        0.108857
FIRE:   97 16:25:31     -243.529973        0.107800
FIRE:   98 16:25:33     -243.549056        0.104890
FIRE:   99 16:25:36     -243.571320        0.125295
FIRE:  100 16:25:39     -243.596698        0.262313
FIRE:  101 16:25:41     -243.621330        0.577785
FIRE:  102 16:25:44     -243.631332        1.227765
FIRE:  103 16:25:46     -243.659562        0.114376
FIRE:  104 16:25:49     -243.640852        1.066014
FIRE:  105 16:25:51     -243.649692        0.818177
FIRE:  106 16:25:54     -243.659716        0.393032
FIRE:  107 16:25:56     -243.662523        0.160385
FIRE:  108 16:25:58     -243.662611        0.150716
FIRE:  109 16:26:00     -243.662830        0.132175
FIRE:  110 16:26:02     -243.663050        0.106031
FIRE:  111 16:26:04     -243.663379        0.102454
FIRE:  112 16:26:05     -243.663664        0.102735
FIRE:  113 16:26:07     -243.663971        0.103033
FIRE:  114 16:26:09     -243.664322        0.103243
FIRE:  115 16:26:11     -243.664717        0.103379
FIRE:  116 16:26:13     -243.665243        0.103370
FIRE:  117 16:26:15     -243.665879        0.103248
FIRE:  118 16:26:17     -243.666779        0.102943
FIRE:  119 16:26:19     -243.667875        0.102547
FIRE:  120 16:26:21     -243.669191        0.102128
FIRE:  121 16:26:23     -243.670771        0.101888
FIRE:  122 16:26:25     -243.672701        0.101965
FIRE:  123 16:26:27     -243.675114        0.102413
FIRE:  124 16:26:29     -243.678097        0.103217
FIRE:  125 16:26:31     -243.681694        0.103828
FIRE:  126 16:26:33     -243.686147        0.104361
FIRE:  127 16:26:35     -243.691630        0.105865
FIRE:  128 16:26:37     -243.698320        0.107613
FIRE:  129 16:26:39     -243.706612        0.109865
FIRE:  130 16:26:42     -243.716658        0.112630
FIRE:  131 16:26:44     -243.729051        0.113903
FIRE:  132 16:26:47     -243.743900        0.113947
FIRE:  133 16:26:49     -243.761426        0.112735
FIRE:  134 16:26:52     -243.781518        0.130820
FIRE:  135 16:26:55     -243.803343        0.329101
FIRE:  136 16:26:57     -243.817578        0.909082
FIRE:  137 16:27:00     -243.832560        0.125531
FIRE:  138 16:27:02     -243.823347        0.751807
FIRE:  139 16:27:05     -243.828173        0.560077
FIRE:  140 16:27:07     -243.833525        0.261971
FIRE:  141 16:27:10     -243.834972        0.140574
FIRE:  142 16:27:12     -243.835060        0.131202
FIRE:  143 16:27:14     -243.835214        0.118788
FIRE:  144 16:27:17     -243.835411        0.118546
FIRE:  145 16:27:19     -243.835652        0.118235
FIRE:  146 16:27:22     -243.835916        0.117846
FIRE:  147 16:27:24     -243.836179        0.117366
FIRE:  148 16:27:26     -243.836442        0.116809
FIRE:  149 16:27:28     -243.836793        0.116139
FIRE:  150 16:27:30     -243.837232        0.115346
FIRE:  151 16:27:32     -243.837802        0.114455
FIRE:  152 16:27:34     -243.838548        0.113754
FIRE:  153 16:27:36     -243.839447        0.113512
FIRE:  154 16:27:38     -243.840522        0.112835
FIRE:  155 16:27:40     -243.841838        0.112016
FIRE:  156 16:27:42     -243.843417        0.111296
FIRE:  157 16:27:44     -243.845391        0.109834
FIRE:  158 16:27:46     -243.847782        0.103463
FIRE:  159 16:27:49     -243.850612        0.099649
